[ 2017-04-27T15:55:12+08:00 ] ::1 /tushuguanli/Public/Lib/jquery.min.map
ERR: 无法加载模块:Public

[ 2017-04-27T15:55:14+08:00 ] ::1 /tushuguanli/Public/Lib/jquery.min.map
ERR: 无法加载模块:Public

[ 2017-04-27T15:55:15+08:00 ] ::1 /tushuguanli/Public/Lib/jquery.min.map
ERR: 无法加载模块:Public

[ 2017-04-27T15:55:18+08:00 ] ::1 /tushuguanli/Public/Lib/jquery.min.map
ERR: 无法加载模块:Public

[ 2017-04-27T15:56:13+08:00 ] ::1 /tushuguanli/Public/Lib/jquery.min.map
ERR: 无法加载模块:Public

[ 2017-04-27T16:00:24+08:00 ] ::1 /tushuguanli/Public/Lib/jquery.min.map
ERR: 无法加载模块:Public

[ 2017-04-27T16:00:27+08:00 ] ::1 /tushuguanli/Public/Lib/jquery.min.map
ERR: 无法加载模块:Public

[ 2017-04-27T16:00:51+08:00 ] ::1 /tushuguanli/Public/Lib/jquery.min.map
ERR: 无法加载模块:Public

[ 2017-04-27T16:00:52+08:00 ] ::1 /tushuguanli/Public/Lib/jquery.min.map
ERR: 无法加载模块:Public

[ 2017-04-27T16:00:53+08:00 ] ::1 /tushuguanli/Public/Lib/jquery.min.map
ERR: 无法加载模块:Public

[ 2017-04-27T16:02:23+08:00 ] ::1 /tushuguanli/Public/Lib/jquery.min.map
ERR: 无法加载模块:Public

[ 2017-04-27T17:28:47+08:00 ] ::1 /tushuguanli/Public/Home/imgs/180.jpg
ERR: 无法加载模块:Public

[ 2017-04-27T17:30:04+08:00 ] ::1 /tushuguanli/Public/Home/imgs/180.jpg
ERR: 无法加载模块:Public

[ 2017-04-27T17:30:05+08:00 ] ::1 /tushuguanli/Public/Lib/jquery.min.map
ERR: 无法加载模块:Public

[ 2017-04-27T17:30:12+08:00 ] ::1 /tushuguanli/Public/Home/imgs/180.jpg
ERR: 无法加载模块:Public

[ 2017-04-27T17:30:12+08:00 ] ::1 /tushuguanli/Public/Lib/jquery.min.map
ERR: 无法加载模块:Public

[ 2017-04-27T17:30:14+08:00 ] ::1 /tushuguanli/Public/Home/imgs/180.jpg
ERR: 无法加载模块:Public

[ 2017-04-27T17:30:14+08:00 ] ::1 /tushuguanli/Public/Lib/jquery.min.map
ERR: 无法加载模块:Public

[ 2017-04-27T17:30:15+08:00 ] ::1 /tushuguanli/Public/Home/imgs/180.jpg
ERR: 无法加载模块:Public

[ 2017-04-27T17:30:15+08:00 ] ::1 /tushuguanli/Public/Lib/jquery.min.map
ERR: 无法加载模块:Public

[ 2017-04-27T17:33:28+08:00 ] ::1 /tushuguanli/Public/Home/imgs/180.jpg
ERR: 无法加载模块:Public

[ 2017-04-27T17:33:28+08:00 ] ::1 /tushuguanli/Public/Lib/jquery.min.map
ERR: 无法加载模块:Public

[ 2017-04-27T17:33:43+08:00 ] ::1 /tushuguanli/Public/Home/imgs/180.jpg
ERR: 无法加载模块:Public

[ 2017-04-27T17:33:43+08:00 ] ::1 /tushuguanli/Public/Lib/jquery.min.map
ERR: 无法加载模块:Public

[ 2017-04-27T17:34:07+08:00 ] ::1 /tushuguanli/Public/Home/imgs/180.jpg
ERR: 无法加载模块:Public

[ 2017-04-27T17:34:07+08:00 ] ::1 /tushuguanli/Public/Lib/jquery.min.map
ERR: 无法加载模块:Public

[ 2017-04-27T17:34:16+08:00 ] ::1 /tushuguanli/Public/Home/imgs/180.jpg
ERR: 无法加载模块:Public

[ 2017-04-27T17:34:16+08:00 ] ::1 /tushuguanli/Public/Lib/jquery.min.map
ERR: 无法加载模块:Public

[ 2017-04-27T17:44:12+08:00 ] ::1 /tushuguanli/Public/Home/imgs/180.jpg
ERR: 无法加载模块:Public

[ 2017-04-27T17:44:12+08:00 ] ::1 /tushuguanli/Public/Lib/jquery.min.map
ERR: 无法加载模块:Public

[ 2017-04-27T17:44:45+08:00 ] ::1 /tushuguanli/Public/Home/imgs/180.jpg
ERR: 无法加载模块:Public

[ 2017-04-27T17:51:51+08:00 ] ::1 /tushuguanli/Public/Home/imgs/180.jpg
ERR: 无法加载模块:Public

[ 2017-04-27T17:51:51+08:00 ] ::1 /tushuguanli/Public/Lib/jquery.min.map
ERR: 无法加载模块:Public

[ 2017-04-27T17:52:13+08:00 ] ::1 /tushuguanli/Public/Lib/jquery.min.map
ERR: 无法加载模块:Public

[ 2017-04-27T17:53:34+08:00 ] ::1 /tushuguanli/Public/Lib/jquery.min.map
ERR: 无法加载模块:Public

[ 2017-04-27T17:54:22+08:00 ] ::1 /tushuguanli/Public/Lib/jquery.min.map
ERR: 无法加载模块:Public

[ 2017-04-27T17:54:52+08:00 ] ::1 /tushuguanli/Public/Lib/jquery.min.map
ERR: 无法加载模块:Public

[ 2017-04-27T17:55:14+08:00 ] ::1 /tushuguanli/Public/Lib/jquery.min.map
ERR: 无法加载模块:Public

[ 2017-04-27T17:55:45+08:00 ] ::1 /tushuguanli/Public/Lib/jquery.min.map
ERR: 无法加载模块:Public

[ 2017-04-27T17:56:18+08:00 ] ::1 /tushuguanli/Public/Lib/jquery.min.map
ERR: 无法加载模块:Public

[ 2017-04-27T17:56:40+08:00 ] ::1 /tushuguanli/Public/Lib/jquery.min.map
ERR: 无法加载模块:Public

[ 2017-04-27T17:57:23+08:00 ] ::1 /tushuguanli/Public/Lib/jquery.min.map
ERR: 无法加载模块:Public

[ 2017-04-27T18:01:37+08:00 ] ::1 /tushuguanli/Public/Lib/jquery.min.map
ERR: 无法加载模块:Public

[ 2017-04-27T18:02:25+08:00 ] ::1 /tushuguanli/Public/Lib/jquery.min.map
ERR: 无法加载模块:Public

[ 2017-04-27T18:03:23+08:00 ] ::1 /tushuguanli/Public/Lib/jquery.min.map
ERR: 无法加载模块:Public

[ 2017-04-27T18:08:25+08:00 ] ::1 /tushuguanli/Public/Lib/jquery.min.map
ERR: 无法加载模块:Public

[ 2017-04-27T18:43:58+08:00 ] ::1 /tushuguanli/Public/Home/imgs/pwd.png
ERR: 无法加载模块:Public

[ 2017-04-27T18:43:58+08:00 ] ::1 /tushuguanli/Public/Home/imgs/user.png
ERR: 无法加载模块:Public

[ 2017-04-27T18:43:58+08:00 ] ::1 /tushuguanli/images/QQ%E5%9B%BE%E7%89%8720170227113159.png
ERR: 无法加载模块:Images

[ 2017-04-27T18:43:58+08:00 ] ::1 /tushuguanli/Public/Home/images/home_sprite_1507.png
ERR: 无法加载模块:Public

[ 2017-04-27T18:46:08+08:00 ] ::1 /tushuguanli/images/QQ%E5%9B%BE%E7%89%8720170227113159.png
ERR: 无法加载模块:Images

[ 2017-04-27T18:46:08+08:00 ] ::1 /tushuguanli/Public/Home/imgs/pwd.png
ERR: 无法加载模块:Public

[ 2017-04-27T18:46:08+08:00 ] ::1 /tushuguanli/Public/Home/imgs/user.png
ERR: 无法加载模块:Public

[ 2017-04-27T18:46:08+08:00 ] ::1 /tushuguanli/Public/Home/images/home_sprite_1507.png
ERR: 无法加载模块:Public

[ 2017-04-27T18:48:15+08:00 ] ::1 /tushuguanli/Public/Home/imgs/user.png
ERR: 无法加载模块:Public

[ 2017-04-27T18:48:15+08:00 ] ::1 /tushuguanli/images/QQ%E5%9B%BE%E7%89%8720170227113159.png
ERR: 无法加载模块:Images

[ 2017-04-27T18:48:15+08:00 ] ::1 /tushuguanli/Public/Home/images/home_sprite_1507.png
ERR: 无法加载模块:Public

[ 2017-04-27T18:48:15+08:00 ] ::1 /tushuguanli/Public/Home/imgs/pwd.png
ERR: 无法加载模块:Public

[ 2017-04-27T18:50:24+08:00 ] ::1 /tushuguanli/images/QQ%E5%9B%BE%E7%89%8720170227113159.png
ERR: 无法加载模块:Images

[ 2017-04-27T18:50:24+08:00 ] ::1 /tushuguanli/Public/Home/images/home_sprite_1507.png
ERR: 无法加载模块:Public

[ 2017-04-27T18:50:25+08:00 ] ::1 /tushuguanli/Public/Lib/jquery.min.map
ERR: 无法加载模块:Public

[ 2017-04-27T18:50:38+08:00 ] ::1 /tushuguanli/Public/Home/images/home_sprite_1507.png
ERR: 无法加载模块:Public

[ 2017-04-27T18:50:40+08:00 ] ::1 /tushuguanli/Public/Home/images/home_sprite_1507.png
ERR: 无法加载模块:Public

[ 2017-04-27T18:51:12+08:00 ] ::1 /tushuguanli/Public/Home/images/home_sprite_1507.png
ERR: 无法加载模块:Public

[ 2017-04-27T18:51:14+08:00 ] ::1 /tushuguanli/Public/Home/images/home_sprite_1507.png
ERR: 无法加载模块:Public

[ 2017-04-27T18:51:15+08:00 ] ::1 /tushuguanli/Public/Home/images/home_sprite_1507.png
ERR: 无法加载模块:Public

[ 2017-04-27T18:51:15+08:00 ] ::1 /tushuguanli/Public/Home/images/home_sprite_1507.png
ERR: 无法加载模块:Public

[ 2017-04-27T18:51:15+08:00 ] ::1 /tushuguanli/Public/Home/images/home_sprite_1507.png
ERR: 无法加载模块:Public

[ 2017-04-27T18:51:15+08:00 ] ::1 /tushuguanli/Public/Home/images/home_sprite_1507.png
ERR: 无法加载模块:Public

[ 2017-04-27T18:51:15+08:00 ] ::1 /tushuguanli/Public/Home/images/home_sprite_1507.png
ERR: 无法加载模块:Public

[ 2017-04-27T18:51:15+08:00 ] ::1 /tushuguanli/Public/Home/images/home_sprite_1507.png
ERR: 无法加载模块:Public

[ 2017-04-27T18:51:15+08:00 ] ::1 /tushuguanli/Public/Home/images/home_sprite_1507.png
ERR: 无法加载模块:Public

[ 2017-04-27T18:51:15+08:00 ] ::1 /tushuguanli/Public/Home/images/home_sprite_1507.png
ERR: 无法加载模块:Public

[ 2017-04-27T18:51:15+08:00 ] ::1 /tushuguanli/Public/Home/images/home_sprite_1507.png
ERR: 无法加载模块:Public

[ 2017-04-27T18:51:15+08:00 ] ::1 /tushuguanli/Public/Home/images/home_sprite_1507.png
ERR: 无法加载模块:Public

[ 2017-04-27T18:51:15+08:00 ] ::1 /tushuguanli/Public/Home/images/home_sprite_1507.png
ERR: 无法加载模块:Public

[ 2017-04-27T18:51:16+08:00 ] ::1 /tushuguanli/Public/Home/images/home_sprite_1507.png
ERR: 无法加载模块:Public

[ 2017-04-27T18:51:16+08:00 ] ::1 /tushuguanli/Public/Home/images/home_sprite_1507.png
ERR: 无法加载模块:Public

[ 2017-04-27T18:51:16+08:00 ] ::1 /tushuguanli/Public/Home/images/home_sprite_1507.png
ERR: 无法加载模块:Public

[ 2017-04-27T18:51:16+08:00 ] ::1 /tushuguanli/Public/Home/images/home_sprite_1507.png
ERR: 无法加载模块:Public

[ 2017-04-27T18:51:16+08:00 ] ::1 /tushuguanli/Public/Home/images/home_sprite_1507.png
ERR: 无法加载模块:Public

[ 2017-04-27T18:51:16+08:00 ] ::1 /tushuguanli/Public/Home/images/home_sprite_1507.png
ERR: 无法加载模块:Public

[ 2017-04-27T18:51:16+08:00 ] ::1 /tushuguanli/Public/Home/images/home_sprite_1507.png
ERR: 无法加载模块:Public

[ 2017-04-27T18:51:16+08:00 ] ::1 /tushuguanli/Public/Home/images/home_sprite_1507.png
ERR: 无法加载模块:Public

[ 2017-04-27T18:51:16+08:00 ] ::1 /tushuguanli/Public/Home/images/home_sprite_1507.png
ERR: 无法加载模块:Public

[ 2017-04-27T18:51:16+08:00 ] ::1 /tushuguanli/Public/Home/images/home_sprite_1507.png
ERR: 无法加载模块:Public

[ 2017-04-27T18:51:16+08:00 ] ::1 /tushuguanli/Public/Home/images/home_sprite_1507.png
ERR: 无法加载模块:Public

[ 2017-04-27T18:51:16+08:00 ] ::1 /tushuguanli/Public/Home/images/home_sprite_1507.png
ERR: 无法加载模块:Public

[ 2017-04-27T18:51:16+08:00 ] ::1 /tushuguanli/Public/Home/images/home_sprite_1507.png
ERR: 无法加载模块:Public

[ 2017-04-27T18:51:16+08:00 ] ::1 /tushuguanli/Public/Home/images/home_sprite_1507.png
ERR: 无法加载模块:Public

[ 2017-04-27T18:51:16+08:00 ] ::1 /tushuguanli/Public/Home/images/home_sprite_1507.png
ERR: 无法加载模块:Public

[ 2017-04-27T18:51:16+08:00 ] ::1 /tushuguanli/Public/Home/images/home_sprite_1507.png
ERR: 无法加载模块:Public

[ 2017-04-27T18:51:16+08:00 ] ::1 /tushuguanli/Public/Home/images/home_sprite_1507.png
ERR: 无法加载模块:Public

[ 2017-04-27T18:51:16+08:00 ] ::1 /tushuguanli/Public/Home/images/home_sprite_1507.png
ERR: 无法加载模块:Public

[ 2017-04-27T18:51:16+08:00 ] ::1 /tushuguanli/Public/Home/images/home_sprite_1507.png
ERR: 无法加载模块:Public

[ 2017-04-27T18:51:17+08:00 ] ::1 /tushuguanli/Public/Home/images/home_sprite_1507.png
ERR: 无法加载模块:Public

[ 2017-04-27T18:51:17+08:00 ] ::1 /tushuguanli/Public/Home/images/home_sprite_1507.png
ERR: 无法加载模块:Public

[ 2017-04-27T18:51:17+08:00 ] ::1 /tushuguanli/Public/Home/images/home_sprite_1507.png
ERR: 无法加载模块:Public

[ 2017-04-27T18:51:17+08:00 ] ::1 /tushuguanli/Public/Home/images/home_sprite_1507.png
ERR: 无法加载模块:Public

[ 2017-04-27T18:51:17+08:00 ] ::1 /tushuguanli/Public/Home/images/home_sprite_1507.png
ERR: 无法加载模块:Public

[ 2017-04-27T18:51:17+08:00 ] ::1 /tushuguanli/Public/Home/images/home_sprite_1507.png
ERR: 无法加载模块:Public

[ 2017-04-27T18:51:17+08:00 ] ::1 /tushuguanli/Public/Home/images/home_sprite_1507.png
ERR: 无法加载模块:Public

[ 2017-04-27T18:51:17+08:00 ] ::1 /tushuguanli/Public/Home/images/home_sprite_1507.png
ERR: 无法加载模块:Public

[ 2017-04-27T18:51:18+08:00 ] ::1 /tushuguanli/Public/Home/images/home_sprite_1507.png
ERR: 无法加载模块:Public

[ 2017-04-27T18:51:18+08:00 ] ::1 /tushuguanli/Public/Home/images/home_sprite_1507.png
ERR: 无法加载模块:Public

[ 2017-04-27T18:51:18+08:00 ] ::1 /tushuguanli/Public/Home/images/home_sprite_1507.png
ERR: 无法加载模块:Public

[ 2017-04-27T18:51:18+08:00 ] ::1 /tushuguanli/Public/Home/images/home_sprite_1507.png
ERR: 无法加载模块:Public

[ 2017-04-27T18:51:18+08:00 ] ::1 /tushuguanli/Public/Home/images/home_sprite_1507.png
ERR: 无法加载模块:Public

[ 2017-04-27T18:51:18+08:00 ] ::1 /tushuguanli/Public/Home/images/home_sprite_1507.png
ERR: 无法加载模块:Public

[ 2017-04-27T18:51:18+08:00 ] ::1 /tushuguanli/Public/Home/images/home_sprite_1507.png
ERR: 无法加载模块:Public

[ 2017-04-27T18:51:18+08:00 ] ::1 /tushuguanli/Public/Home/images/home_sprite_1507.png
ERR: 无法加载模块:Public

[ 2017-04-27T18:51:18+08:00 ] ::1 /tushuguanli/Public/Home/images/home_sprite_1507.png
ERR: 无法加载模块:Public

[ 2017-04-27T18:51:18+08:00 ] ::1 /tushuguanli/Public/Home/images/home_sprite_1507.png
ERR: 无法加载模块:Public

[ 2017-04-27T18:51:18+08:00 ] ::1 /tushuguanli/Public/Home/images/home_sprite_1507.png
ERR: 无法加载模块:Public

[ 2017-04-27T18:51:18+08:00 ] ::1 /tushuguanli/Public/Home/images/home_sprite_1507.png
ERR: 无法加载模块:Public

[ 2017-04-27T18:51:18+08:00 ] ::1 /tushuguanli/Public/Home/images/home_sprite_1507.png
ERR: 无法加载模块:Public

[ 2017-04-27T18:51:18+08:00 ] ::1 /tushuguanli/Public/Home/images/home_sprite_1507.png
ERR: 无法加载模块:Public

[ 2017-04-27T18:51:18+08:00 ] ::1 /tushuguanli/Public/Home/images/home_sprite_1507.png
ERR: 无法加载模块:Public

[ 2017-04-27T18:51:18+08:00 ] ::1 /tushuguanli/Public/Home/images/home_sprite_1507.png
ERR: 无法加载模块:Public

[ 2017-04-27T18:51:18+08:00 ] ::1 /tushuguanli/Public/Home/images/home_sprite_1507.png
ERR: 无法加载模块:Public

[ 2017-04-27T18:51:19+08:00 ] ::1 /tushuguanli/Public/Home/images/home_sprite_1507.png
ERR: 无法加载模块:Public

[ 2017-04-27T18:51:19+08:00 ] ::1 /tushuguanli/Public/Home/images/home_sprite_1507.png
ERR: 无法加载模块:Public

[ 2017-04-27T18:51:19+08:00 ] ::1 /tushuguanli/Public/Home/images/home_sprite_1507.png
ERR: 无法加载模块:Public

[ 2017-04-27T18:51:19+08:00 ] ::1 /tushuguanli/Public/Home/images/home_sprite_1507.png
ERR: 无法加载模块:Public

[ 2017-04-27T18:51:19+08:00 ] ::1 /tushuguanli/Public/Home/images/home_sprite_1507.png
ERR: 无法加载模块:Public

[ 2017-04-27T18:51:19+08:00 ] ::1 /tushuguanli/Public/Home/images/home_sprite_1507.png
ERR: 无法加载模块:Public

[ 2017-04-27T18:51:19+08:00 ] ::1 /tushuguanli/Public/Home/images/home_sprite_1507.png
ERR: 无法加载模块:Public

[ 2017-04-27T18:51:20+08:00 ] ::1 /tushuguanli/Public/Home/images/home_sprite_1507.png
ERR: 无法加载模块:Public

[ 2017-04-27T18:51:20+08:00 ] ::1 /tushuguanli/Public/Home/images/home_sprite_1507.png
ERR: 无法加载模块:Public

[ 2017-04-27T18:51:20+08:00 ] ::1 /tushuguanli/Public/Home/images/home_sprite_1507.png
ERR: 无法加载模块:Public

[ 2017-04-27T18:51:20+08:00 ] ::1 /tushuguanli/Public/Home/images/home_sprite_1507.png
ERR: 无法加载模块:Public

[ 2017-04-27T18:51:20+08:00 ] ::1 /tushuguanli/Public/Home/images/home_sprite_1507.png
ERR: 无法加载模块:Public

[ 2017-04-27T18:51:20+08:00 ] ::1 /tushuguanli/Public/Home/images/home_sprite_1507.png
ERR: 无法加载模块:Public

[ 2017-04-27T18:51:20+08:00 ] ::1 /tushuguanli/Public/Home/images/home_sprite_1507.png
ERR: 无法加载模块:Public

[ 2017-04-27T18:51:20+08:00 ] ::1 /tushuguanli/Public/Home/images/home_sprite_1507.png
ERR: 无法加载模块:Public

[ 2017-04-27T18:51:20+08:00 ] ::1 /tushuguanli/Public/Home/images/home_sprite_1507.png
ERR: 无法加载模块:Public

[ 2017-04-27T18:51:21+08:00 ] ::1 /tushuguanli/Public/Home/images/home_sprite_1507.png
ERR: 无法加载模块:Public

[ 2017-04-27T18:51:21+08:00 ] ::1 /tushuguanli/Public/Home/images/home_sprite_1507.png
ERR: 无法加载模块:Public

[ 2017-04-27T18:51:21+08:00 ] ::1 /tushuguanli/Public/Home/images/home_sprite_1507.png
ERR: 无法加载模块:Public

[ 2017-04-27T18:51:21+08:00 ] ::1 /tushuguanli/Public/Home/images/home_sprite_1507.png
ERR: 无法加载模块:Public

[ 2017-04-27T18:51:21+08:00 ] ::1 /tushuguanli/Public/Home/images/home_sprite_1507.png
ERR: 无法加载模块:Public

[ 2017-04-27T18:51:21+08:00 ] ::1 /tushuguanli/Public/Home/images/home_sprite_1507.png
ERR: 无法加载模块:Public

[ 2017-04-27T18:51:21+08:00 ] ::1 /tushuguanli/Public/Home/images/home_sprite_1507.png
ERR: 无法加载模块:Public

[ 2017-04-27T18:51:21+08:00 ] ::1 /tushuguanli/Public/Home/images/home_sprite_1507.png
ERR: 无法加载模块:Public

[ 2017-04-27T18:51:21+08:00 ] ::1 /tushuguanli/Public/Home/images/home_sprite_1507.png
ERR: 无法加载模块:Public

[ 2017-04-27T18:51:21+08:00 ] ::1 /tushuguanli/Public/Home/images/home_sprite_1507.png
ERR: 无法加载模块:Public

[ 2017-04-27T18:51:21+08:00 ] ::1 /tushuguanli/Public/Home/images/home_sprite_1507.png
ERR: 无法加载模块:Public

[ 2017-04-27T18:51:21+08:00 ] ::1 /tushuguanli/Public/Home/images/home_sprite_1507.png
ERR: 无法加载模块:Public

[ 2017-04-27T18:51:21+08:00 ] ::1 /tushuguanli/Public/Home/images/home_sprite_1507.png
ERR: 无法加载模块:Public

[ 2017-04-27T18:51:21+08:00 ] ::1 /tushuguanli/Public/Home/images/home_sprite_1507.png
ERR: 无法加载模块:Public

[ 2017-04-27T18:51:21+08:00 ] ::1 /tushuguanli/Public/Home/images/home_sprite_1507.png
ERR: 无法加载模块:Public

[ 2017-04-27T18:51:21+08:00 ] ::1 /tushuguanli/Public/Home/images/home_sprite_1507.png
ERR: 无法加载模块:Public

[ 2017-04-27T18:51:21+08:00 ] ::1 /tushuguanli/Public/Home/images/home_sprite_1507.png
ERR: 无法加载模块:Public

[ 2017-04-27T18:51:21+08:00 ] ::1 /tushuguanli/Public/Home/images/home_sprite_1507.png
ERR: 无法加载模块:Public

[ 2017-04-27T18:51:21+08:00 ] ::1 /tushuguanli/Public/Home/images/home_sprite_1507.png
ERR: 无法加载模块:Public

[ 2017-04-27T18:51:22+08:00 ] ::1 /tushuguanli/Public/Home/images/home_sprite_1507.png
ERR: 无法加载模块:Public

[ 2017-04-27T18:51:22+08:00 ] ::1 /tushuguanli/Public/Home/images/home_sprite_1507.png
ERR: 无法加载模块:Public

[ 2017-04-27T18:51:22+08:00 ] ::1 /tushuguanli/Public/Home/images/home_sprite_1507.png
ERR: 无法加载模块:Public

[ 2017-04-27T18:51:22+08:00 ] ::1 /tushuguanli/Public/Home/images/home_sprite_1507.png
ERR: 无法加载模块:Public

[ 2017-04-27T18:51:22+08:00 ] ::1 /tushuguanli/Public/Home/images/home_sprite_1507.png
ERR: 无法加载模块:Public

[ 2017-04-27T18:51:22+08:00 ] ::1 /tushuguanli/Public/Home/images/home_sprite_1507.png
ERR: 无法加载模块:Public

[ 2017-04-27T18:51:22+08:00 ] ::1 /tushuguanli/Public/Home/images/home_sprite_1507.png
ERR: 无法加载模块:Public

[ 2017-04-27T18:51:22+08:00 ] ::1 /tushuguanli/Public/Home/images/home_sprite_1507.png
ERR: 无法加载模块:Public

[ 2017-04-27T18:51:22+08:00 ] ::1 /tushuguanli/Public/Home/images/home_sprite_1507.png
ERR: 无法加载模块:Public

[ 2017-04-27T18:51:22+08:00 ] ::1 /tushuguanli/Public/Home/images/home_sprite_1507.png
ERR: 无法加载模块:Public

[ 2017-04-27T18:51:22+08:00 ] ::1 /tushuguanli/Public/Home/images/home_sprite_1507.png
ERR: 无法加载模块:Public

[ 2017-04-27T18:51:22+08:00 ] ::1 /tushuguanli/Public/Home/images/home_sprite_1507.png
ERR: 无法加载模块:Public

[ 2017-04-27T18:51:22+08:00 ] ::1 /tushuguanli/Public/Home/images/home_sprite_1507.png
ERR: 无法加载模块:Public

[ 2017-04-27T18:51:22+08:00 ] ::1 /tushuguanli/Public/Home/images/home_sprite_1507.png
ERR: 无法加载模块:Public

[ 2017-04-27T18:51:22+08:00 ] ::1 /tushuguanli/Public/Home/images/home_sprite_1507.png
ERR: 无法加载模块:Public

[ 2017-04-27T18:51:22+08:00 ] ::1 /tushuguanli/Public/Home/images/home_sprite_1507.png
ERR: 无法加载模块:Public

[ 2017-04-27T18:51:23+08:00 ] ::1 /tushuguanli/Public/Home/images/home_sprite_1507.png
ERR: 无法加载模块:Public

[ 2017-04-27T18:51:23+08:00 ] ::1 /tushuguanli/Public/Home/images/home_sprite_1507.png
ERR: 无法加载模块:Public

[ 2017-04-27T18:51:23+08:00 ] ::1 /tushuguanli/Public/Home/images/home_sprite_1507.png
ERR: 无法加载模块:Public

[ 2017-04-27T18:51:23+08:00 ] ::1 /tushuguanli/Public/Home/images/home_sprite_1507.png
ERR: 无法加载模块:Public

[ 2017-04-27T18:51:23+08:00 ] ::1 /tushuguanli/Public/Home/images/home_sprite_1507.png
ERR: 无法加载模块:Public

[ 2017-04-27T18:51:23+08:00 ] ::1 /tushuguanli/Public/Home/images/home_sprite_1507.png
ERR: 无法加载模块:Public

[ 2017-04-27T18:51:23+08:00 ] ::1 /tushuguanli/Public/Home/images/home_sprite_1507.png
ERR: 无法加载模块:Public

[ 2017-04-27T18:51:24+08:00 ] ::1 /tushuguanli/Public/Home/images/home_sprite_1507.png
ERR: 无法加载模块:Public

[ 2017-04-27T18:51:24+08:00 ] ::1 /tushuguanli/Public/Home/images/home_sprite_1507.png
ERR: 无法加载模块:Public

[ 2017-04-27T18:51:25+08:00 ] ::1 /tushuguanli/Public/Home/images/home_sprite_1507.png
ERR: 无法加载模块:Public

[ 2017-04-27T18:51:25+08:00 ] ::1 /tushuguanli/Public/Home/images/home_sprite_1507.png
ERR: 无法加载模块:Public

[ 2017-04-27T18:51:27+08:00 ] ::1 /tushuguanli/Public/Home/images/home_sprite_1507.png
ERR: 无法加载模块:Public

[ 2017-04-27T18:51:28+08:00 ] ::1 /tushuguanli/Public/Home/images/home_sprite_1507.png
ERR: 无法加载模块:Public

[ 2017-04-27T18:51:31+08:00 ] ::1 /tushuguanli/Public/Home/images/home_sprite_1507.png
ERR: 无法加载模块:Public

[ 2017-04-27T18:51:33+08:00 ] ::1 /tushuguanli/Public/Home/images/home_sprite_1507.png
ERR: 无法加载模块:Public

[ 2017-04-27T18:51:34+08:00 ] ::1 /tushuguanli/Public/Home/images/home_sprite_1507.png
ERR: 无法加载模块:Public

[ 2017-04-27T18:51:34+08:00 ] ::1 /tushuguanli/Public/Home/images/home_sprite_1507.png
ERR: 无法加载模块:Public

[ 2017-04-27T18:51:35+08:00 ] ::1 /tushuguanli/Public/Home/images/home_sprite_1507.png
ERR: 无法加载模块:Public

[ 2017-04-27T18:51:37+08:00 ] ::1 /tushuguanli/Public/Home/images/home_sprite_1507.png
ERR: 无法加载模块:Public

[ 2017-04-27T18:51:45+08:00 ] ::1 /tushuguanli/images/QQ%E5%9B%BE%E7%89%8720170227113159.png
ERR: 无法加载模块:Images

[ 2017-04-27T18:51:45+08:00 ] ::1 /tushuguanli/Public/Home/images/home_sprite_1507.png
ERR: 无法加载模块:Public

[ 2017-04-27T18:51:45+08:00 ] ::1 /tushuguanli/images/QQ%E5%9B%BE%E7%89%8720170227113159.png
ERR: 无法加载模块:Images

[ 2017-04-27T18:51:46+08:00 ] ::1 /tushuguanli/Public/Home/images/home_sprite_1507.png
ERR: 无法加载模块:Public

[ 2017-04-27T18:52:19+08:00 ] ::1 /tushuguanli/Public/Home/images/home_sprite_1507.png
ERR: 无法加载模块:Public

[ 2017-04-27T18:53:24+08:00 ] ::1 /tushuguanli/images/QQ%E5%9B%BE%E7%89%8720170227113159.png
ERR: 无法加载模块:Images

[ 2017-04-27T18:53:24+08:00 ] ::1 /tushuguanli/Public/Home/images/home_sprite_1507.png
ERR: 无法加载模块:Public

[ 2017-04-27T18:53:36+08:00 ] ::1 /tushuguanli/images/QQ%E5%9B%BE%E7%89%8720170227113159.png
ERR: 无法加载模块:Images

[ 2017-04-27T18:53:36+08:00 ] ::1 /tushuguanli/Public/Home/images/home_sprite_1507.png
ERR: 无法加载模块:Public

[ 2017-04-27T18:53:59+08:00 ] ::1 /tushuguanli/Public/Home/images/home_sprite_1507.png
ERR: 无法加载模块:Public

[ 2017-04-27T18:54:01+08:00 ] ::1 /tushuguanli/Public/Home/images/home_sprite_1507.png
ERR: 无法加载模块:Public

[ 2017-04-27T18:54:03+08:00 ] ::1 /tushuguanli/Public/Home/images/home_sprite_1507.png
ERR: 无法加载模块:Public

[ 2017-04-27T18:54:04+08:00 ] ::1 /tushuguanli/Public/Home/images/home_sprite_1507.png
ERR: 无法加载模块:Public

[ 2017-04-27T18:54:04+08:00 ] ::1 /tushuguanli/Public/Home/images/home_sprite_1507.png
ERR: 无法加载模块:Public

[ 2017-04-27T18:54:04+08:00 ] ::1 /tushuguanli/Public/Home/images/home_sprite_1507.png
ERR: 无法加载模块:Public

[ 2017-04-27T18:54:05+08:00 ] ::1 /tushuguanli/Public/Home/images/home_sprite_1507.png
ERR: 无法加载模块:Public

[ 2017-04-27T18:54:05+08:00 ] ::1 /tushuguanli/Public/Home/images/home_sprite_1507.png
ERR: 无法加载模块:Public

[ 2017-04-27T18:54:05+08:00 ] ::1 /tushuguanli/Public/Home/images/home_sprite_1507.png
ERR: 无法加载模块:Public

[ 2017-04-27T18:54:05+08:00 ] ::1 /tushuguanli/Public/Home/images/home_sprite_1507.png
ERR: 无法加载模块:Public

[ 2017-04-27T18:54:05+08:00 ] ::1 /tushuguanli/Public/Home/images/home_sprite_1507.png
ERR: 无法加载模块:Public

[ 2017-04-27T18:54:05+08:00 ] ::1 /tushuguanli/Public/Home/images/home_sprite_1507.png
ERR: 无法加载模块:Public

[ 2017-04-27T18:54:05+08:00 ] ::1 /tushuguanli/Public/Home/images/home_sprite_1507.png
ERR: 无法加载模块:Public

[ 2017-04-27T18:54:05+08:00 ] ::1 /tushuguanli/Public/Home/images/home_sprite_1507.png
ERR: 无法加载模块:Public

[ 2017-04-27T18:54:05+08:00 ] ::1 /tushuguanli/Public/Home/images/home_sprite_1507.png
ERR: 无法加载模块:Public

[ 2017-04-27T18:54:06+08:00 ] ::1 /tushuguanli/Public/Home/images/home_sprite_1507.png
ERR: 无法加载模块:Public

[ 2017-04-27T18:54:06+08:00 ] ::1 /tushuguanli/Public/Home/images/home_sprite_1507.png
ERR: 无法加载模块:Public

[ 2017-04-27T18:54:06+08:00 ] ::1 /tushuguanli/Public/Home/images/home_sprite_1507.png
ERR: 无法加载模块:Public

[ 2017-04-27T18:54:06+08:00 ] ::1 /tushuguanli/Public/Home/images/home_sprite_1507.png
ERR: 无法加载模块:Public

[ 2017-04-27T18:54:06+08:00 ] ::1 /tushuguanli/Public/Home/images/home_sprite_1507.png
ERR: 无法加载模块:Public

[ 2017-04-27T18:54:06+08:00 ] ::1 /tushuguanli/Public/Home/images/home_sprite_1507.png
ERR: 无法加载模块:Public

[ 2017-04-27T18:54:06+08:00 ] ::1 /tushuguanli/Public/Home/images/home_sprite_1507.png
ERR: 无法加载模块:Public

[ 2017-04-27T18:54:06+08:00 ] ::1 /tushuguanli/Public/Home/images/home_sprite_1507.png
ERR: 无法加载模块:Public

[ 2017-04-27T18:54:06+08:00 ] ::1 /tushuguanli/Public/Home/images/home_sprite_1507.png
ERR: 无法加载模块:Public

[ 2017-04-27T18:54:06+08:00 ] ::1 /tushuguanli/Public/Home/images/home_sprite_1507.png
ERR: 无法加载模块:Public

[ 2017-04-27T18:54:06+08:00 ] ::1 /tushuguanli/Public/Home/images/home_sprite_1507.png
ERR: 无法加载模块:Public

[ 2017-04-27T18:54:06+08:00 ] ::1 /tushuguanli/Public/Home/images/home_sprite_1507.png
ERR: 无法加载模块:Public

[ 2017-04-27T18:54:06+08:00 ] ::1 /tushuguanli/Public/Home/images/home_sprite_1507.png
ERR: 无法加载模块:Public

[ 2017-04-27T18:54:06+08:00 ] ::1 /tushuguanli/Public/Home/images/home_sprite_1507.png
ERR: 无法加载模块:Public

[ 2017-04-27T18:54:06+08:00 ] ::1 /tushuguanli/Public/Home/images/home_sprite_1507.png
ERR: 无法加载模块:Public

[ 2017-04-27T18:54:06+08:00 ] ::1 /tushuguanli/Public/Home/images/home_sprite_1507.png
ERR: 无法加载模块:Public

[ 2017-04-27T18:54:06+08:00 ] ::1 /tushuguanli/Public/Home/images/home_sprite_1507.png
ERR: 无法加载模块:Public

[ 2017-04-27T18:54:06+08:00 ] ::1 /tushuguanli/Public/Home/images/home_sprite_1507.png
ERR: 无法加载模块:Public

[ 2017-04-27T18:54:07+08:00 ] ::1 /tushuguanli/Public/Home/images/home_sprite_1507.png
ERR: 无法加载模块:Public

[ 2017-04-27T18:54:07+08:00 ] ::1 /tushuguanli/Public/Home/images/home_sprite_1507.png
ERR: 无法加载模块:Public

[ 2017-04-27T18:54:07+08:00 ] ::1 /tushuguanli/Public/Home/images/home_sprite_1507.png
ERR: 无法加载模块:Public

[ 2017-04-27T18:54:07+08:00 ] ::1 /tushuguanli/Public/Home/images/home_sprite_1507.png
ERR: 无法加载模块:Public

[ 2017-04-27T18:54:07+08:00 ] ::1 /tushuguanli/Public/Home/images/home_sprite_1507.png
ERR: 无法加载模块:Public

[ 2017-04-27T18:54:07+08:00 ] ::1 /tushuguanli/Public/Home/images/home_sprite_1507.png
ERR: 无法加载模块:Public

[ 2017-04-27T18:54:07+08:00 ] ::1 /tushuguanli/Public/Home/images/home_sprite_1507.png
ERR: 无法加载模块:Public

[ 2017-04-27T18:54:07+08:00 ] ::1 /tushuguanli/Public/Home/images/home_sprite_1507.png
ERR: 无法加载模块:Public

[ 2017-04-27T18:54:07+08:00 ] ::1 /tushuguanli/Public/Home/images/home_sprite_1507.png
ERR: 无法加载模块:Public

[ 2017-04-27T18:54:07+08:00 ] ::1 /tushuguanli/Public/Home/images/home_sprite_1507.png
ERR: 无法加载模块:Public

[ 2017-04-27T18:54:07+08:00 ] ::1 /tushuguanli/Public/Home/images/home_sprite_1507.png
ERR: 无法加载模块:Public

[ 2017-04-27T18:54:07+08:00 ] ::1 /tushuguanli/Public/Home/images/home_sprite_1507.png
ERR: 无法加载模块:Public

[ 2017-04-27T18:54:07+08:00 ] ::1 /tushuguanli/Public/Home/images/home_sprite_1507.png
ERR: 无法加载模块:Public

[ 2017-04-27T18:54:07+08:00 ] ::1 /tushuguanli/Public/Home/images/home_sprite_1507.png
ERR: 无法加载模块:Public

[ 2017-04-27T18:54:07+08:00 ] ::1 /tushuguanli/Public/Home/images/home_sprite_1507.png
ERR: 无法加载模块:Public

[ 2017-04-27T18:54:07+08:00 ] ::1 /tushuguanli/Public/Home/images/home_sprite_1507.png
ERR: 无法加载模块:Public

[ 2017-04-27T18:54:07+08:00 ] ::1 /tushuguanli/Public/Home/images/home_sprite_1507.png
ERR: 无法加载模块:Public

[ 2017-04-27T18:54:07+08:00 ] ::1 /tushuguanli/Public/Home/images/home_sprite_1507.png
ERR: 无法加载模块:Public

[ 2017-04-27T18:54:07+08:00 ] ::1 /tushuguanli/Public/Home/images/home_sprite_1507.png
ERR: 无法加载模块:Public

[ 2017-04-27T18:54:07+08:00 ] ::1 /tushuguanli/Public/Home/images/home_sprite_1507.png
ERR: 无法加载模块:Public

[ 2017-04-27T18:54:08+08:00 ] ::1 /tushuguanli/Public/Home/images/home_sprite_1507.png
ERR: 无法加载模块:Public

[ 2017-04-27T18:54:08+08:00 ] ::1 /tushuguanli/Public/Home/images/home_sprite_1507.png
ERR: 无法加载模块:Public

[ 2017-04-27T18:54:08+08:00 ] ::1 /tushuguanli/Public/Home/images/home_sprite_1507.png
ERR: 无法加载模块:Public

[ 2017-04-27T18:54:08+08:00 ] ::1 /tushuguanli/Public/Home/images/home_sprite_1507.png
ERR: 无法加载模块:Public

[ 2017-04-27T18:54:08+08:00 ] ::1 /tushuguanli/Public/Home/images/home_sprite_1507.png
ERR: 无法加载模块:Public

[ 2017-04-27T18:54:08+08:00 ] ::1 /tushuguanli/Public/Home/images/home_sprite_1507.png
ERR: 无法加载模块:Public

[ 2017-04-27T18:54:08+08:00 ] ::1 /tushuguanli/Public/Home/images/home_sprite_1507.png
ERR: 无法加载模块:Public

[ 2017-04-27T18:54:08+08:00 ] ::1 /tushuguanli/Public/Home/images/home_sprite_1507.png
ERR: 无法加载模块:Public

[ 2017-04-27T18:54:09+08:00 ] ::1 /tushuguanli/Public/Home/images/home_sprite_1507.png
ERR: 无法加载模块:Public

[ 2017-04-27T18:54:09+08:00 ] ::1 /tushuguanli/Public/Home/images/home_sprite_1507.png
ERR: 无法加载模块:Public

[ 2017-04-27T18:54:09+08:00 ] ::1 /tushuguanli/Public/Home/images/home_sprite_1507.png
ERR: 无法加载模块:Public

[ 2017-04-27T18:54:10+08:00 ] ::1 /tushuguanli/Public/Home/images/home_sprite_1507.png
ERR: 无法加载模块:Public

[ 2017-04-27T18:54:12+08:00 ] ::1 /tushuguanli/Public/Home/images/home_sprite_1507.png
ERR: 无法加载模块:Public

[ 2017-04-27T18:54:12+08:00 ] ::1 /tushuguanli/Public/Home/images/home_sprite_1507.png
ERR: 无法加载模块:Public

[ 2017-04-27T18:54:12+08:00 ] ::1 /tushuguanli/Public/Home/images/home_sprite_1507.png
ERR: 无法加载模块:Public

[ 2017-04-27T18:54:13+08:00 ] ::1 /tushuguanli/Public/Home/images/home_sprite_1507.png
ERR: 无法加载模块:Public

[ 2017-04-27T18:54:13+08:00 ] ::1 /tushuguanli/Public/Home/images/home_sprite_1507.png
ERR: 无法加载模块:Public

[ 2017-04-27T18:54:13+08:00 ] ::1 /tushuguanli/Public/Home/images/home_sprite_1507.png
ERR: 无法加载模块:Public

[ 2017-04-27T18:54:13+08:00 ] ::1 /tushuguanli/Public/Home/images/home_sprite_1507.png
ERR: 无法加载模块:Public

[ 2017-04-27T18:54:13+08:00 ] ::1 /tushuguanli/Public/Home/images/home_sprite_1507.png
ERR: 无法加载模块:Public

[ 2017-04-27T18:54:13+08:00 ] ::1 /tushuguanli/Public/Home/images/home_sprite_1507.png
ERR: 无法加载模块:Public

[ 2017-04-27T18:54:13+08:00 ] ::1 /tushuguanli/Public/Home/images/home_sprite_1507.png
ERR: 无法加载模块:Public

[ 2017-04-27T18:54:13+08:00 ] ::1 /tushuguanli/Public/Home/images/home_sprite_1507.png
ERR: 无法加载模块:Public

[ 2017-04-27T18:54:14+08:00 ] ::1 /tushuguanli/Public/Home/images/home_sprite_1507.png
ERR: 无法加载模块:Public

[ 2017-04-27T18:54:14+08:00 ] ::1 /tushuguanli/Public/Home/images/home_sprite_1507.png
ERR: 无法加载模块:Public

[ 2017-04-27T18:54:14+08:00 ] ::1 /tushuguanli/Public/Home/images/home_sprite_1507.png
ERR: 无法加载模块:Public

[ 2017-04-27T18:54:14+08:00 ] ::1 /tushuguanli/Public/Home/images/home_sprite_1507.png
ERR: 无法加载模块:Public

[ 2017-04-27T18:54:14+08:00 ] ::1 /tushuguanli/Public/Home/images/home_sprite_1507.png
ERR: 无法加载模块:Public

[ 2017-04-27T18:54:14+08:00 ] ::1 /tushuguanli/Public/Home/images/home_sprite_1507.png
ERR: 无法加载模块:Public

[ 2017-04-27T18:54:14+08:00 ] ::1 /tushuguanli/Public/Home/images/home_sprite_1507.png
ERR: 无法加载模块:Public

[ 2017-04-27T18:54:14+08:00 ] ::1 /tushuguanli/Public/Home/images/home_sprite_1507.png
ERR: 无法加载模块:Public

[ 2017-04-27T18:54:14+08:00 ] ::1 /tushuguanli/Public/Home/images/home_sprite_1507.png
ERR: 无法加载模块:Public

[ 2017-04-27T18:54:14+08:00 ] ::1 /tushuguanli/Public/Home/images/home_sprite_1507.png
ERR: 无法加载模块:Public

[ 2017-04-27T18:54:14+08:00 ] ::1 /tushuguanli/Public/Home/images/home_sprite_1507.png
ERR: 无法加载模块:Public

[ 2017-04-27T18:54:14+08:00 ] ::1 /tushuguanli/Public/Home/images/home_sprite_1507.png
ERR: 无法加载模块:Public

[ 2017-04-27T18:54:14+08:00 ] ::1 /tushuguanli/Public/Home/images/home_sprite_1507.png
ERR: 无法加载模块:Public

[ 2017-04-27T18:54:14+08:00 ] ::1 /tushuguanli/Public/Home/images/home_sprite_1507.png
ERR: 无法加载模块:Public

[ 2017-04-27T18:54:14+08:00 ] ::1 /tushuguanli/Public/Home/images/home_sprite_1507.png
ERR: 无法加载模块:Public

[ 2017-04-27T18:54:14+08:00 ] ::1 /tushuguanli/Public/Home/images/home_sprite_1507.png
ERR: 无法加载模块:Public

[ 2017-04-27T18:54:14+08:00 ] ::1 /tushuguanli/Public/Home/images/home_sprite_1507.png
ERR: 无法加载模块:Public

[ 2017-04-27T18:54:14+08:00 ] ::1 /tushuguanli/Public/Home/images/home_sprite_1507.png
ERR: 无法加载模块:Public

[ 2017-04-27T18:54:15+08:00 ] ::1 /tushuguanli/Public/Home/images/home_sprite_1507.png
ERR: 无法加载模块:Public

[ 2017-04-27T18:54:15+08:00 ] ::1 /tushuguanli/Public/Home/images/home_sprite_1507.png
ERR: 无法加载模块:Public

[ 2017-04-27T18:54:15+08:00 ] ::1 /tushuguanli/Public/Home/images/home_sprite_1507.png
ERR: 无法加载模块:Public

[ 2017-04-27T18:54:15+08:00 ] ::1 /tushuguanli/Public/Home/images/home_sprite_1507.png
ERR: 无法加载模块:Public

[ 2017-04-27T18:54:15+08:00 ] ::1 /tushuguanli/Public/Home/images/home_sprite_1507.png
ERR: 无法加载模块:Public

[ 2017-04-27T18:54:15+08:00 ] ::1 /tushuguanli/Public/Home/images/home_sprite_1507.png
ERR: 无法加载模块:Public

[ 2017-04-27T18:54:16+08:00 ] ::1 /tushuguanli/Public/Home/images/home_sprite_1507.png
ERR: 无法加载模块:Public

[ 2017-04-27T18:54:16+08:00 ] ::1 /tushuguanli/Public/Home/images/home_sprite_1507.png
ERR: 无法加载模块:Public

[ 2017-04-27T18:54:16+08:00 ] ::1 /tushuguanli/Public/Home/images/home_sprite_1507.png
ERR: 无法加载模块:Public

[ 2017-04-27T18:54:16+08:00 ] ::1 /tushuguanli/Public/Home/images/home_sprite_1507.png
ERR: 无法加载模块:Public

[ 2017-04-27T18:54:16+08:00 ] ::1 /tushuguanli/Public/Home/images/home_sprite_1507.png
ERR: 无法加载模块:Public

[ 2017-04-27T18:54:16+08:00 ] ::1 /tushuguanli/Public/Home/images/home_sprite_1507.png
ERR: 无法加载模块:Public

[ 2017-04-27T18:54:17+08:00 ] ::1 /tushuguanli/Public/Home/images/home_sprite_1507.png
ERR: 无法加载模块:Public

[ 2017-04-27T18:54:17+08:00 ] ::1 /tushuguanli/Public/Home/images/home_sprite_1507.png
ERR: 无法加载模块:Public

[ 2017-04-27T18:54:21+08:00 ] ::1 /tushuguanli/Public/Home/images/home_sprite_1507.png
ERR: 无法加载模块:Public

[ 2017-04-27T18:54:22+08:00 ] ::1 /tushuguanli/Public/Home/images/home_sprite_1507.png
ERR: 无法加载模块:Public

[ 2017-04-27T18:54:23+08:00 ] ::1 /tushuguanli/Public/Home/images/home_sprite_1507.png
ERR: 无法加载模块:Public

[ 2017-04-27T18:54:53+08:00 ] ::1 /tushuguanli/images/QQ%E5%9B%BE%E7%89%8720170227113159.png
ERR: 无法加载模块:Images

[ 2017-04-27T18:54:53+08:00 ] ::1 /tushuguanli/Public/Home/images/home_sprite_1507.png
ERR: 无法加载模块:Public

[ 2017-04-27T18:54:53+08:00 ] ::1 /tushuguanli/Public/Lib/jquery.min.map
ERR: 无法加载模块:Public

[ 2017-04-27T18:56:28+08:00 ] ::1 /tushuguanli/images/QQ%E5%9B%BE%E7%89%8720170227113159.png
ERR: 无法加载模块:Images

[ 2017-04-27T18:56:28+08:00 ] ::1 /tushuguanli/Public/Home/images/home_sprite_1507.png
ERR: 无法加载模块:Public

[ 2017-04-27T18:56:28+08:00 ] ::1 /tushuguanli/Public/Lib/jquery.min.map
ERR: 无法加载模块:Public

[ 2017-04-27T18:56:35+08:00 ] ::1 /tushuguanli/images/QQ%E5%9B%BE%E7%89%8720170227113159.png
ERR: 无法加载模块:Images

[ 2017-04-27T18:56:35+08:00 ] ::1 /tushuguanli/Public/Home/images/home_sprite_1507.png
ERR: 无法加载模块:Public

[ 2017-04-27T18:56:35+08:00 ] ::1 /tushuguanli/Public/Lib/jquery.min.map
ERR: 无法加载模块:Public

[ 2017-04-27T18:57:30+08:00 ] ::1 /tushuguanli/images/QQ%E5%9B%BE%E7%89%8720170227113159.png
ERR: 无法加载模块:Images

[ 2017-04-27T18:57:30+08:00 ] ::1 /tushuguanli/Public/Home/images/home_sprite_1507.png
ERR: 无法加载模块:Public

[ 2017-04-27T18:57:31+08:00 ] ::1 /tushuguanli/Public/Lib/jquery.min.map
ERR: 无法加载模块:Public

[ 2017-04-27T18:57:39+08:00 ] ::1 /tushuguanli/Public/Home/images/home_sprite_1507.png
ERR: 无法加载模块:Public

[ 2017-04-27T18:57:39+08:00 ] ::1 /tushuguanli/Public/Home/images/home_sprite_1507.png
ERR: 无法加载模块:Public

[ 2017-04-27T18:57:39+08:00 ] ::1 /tushuguanli/Public/Home/images/home_sprite_1507.png
ERR: 无法加载模块:Public

[ 2017-04-27T18:57:39+08:00 ] ::1 /tushuguanli/Public/Home/images/home_sprite_1507.png
ERR: 无法加载模块:Public

[ 2017-04-27T18:57:40+08:00 ] ::1 /tushuguanli/Public/Home/images/home_sprite_1507.png
ERR: 无法加载模块:Public

[ 2017-04-27T18:57:40+08:00 ] ::1 /tushuguanli/Public/Home/images/home_sprite_1507.png
ERR: 无法加载模块:Public

[ 2017-04-27T18:57:40+08:00 ] ::1 /tushuguanli/Public/Home/images/home_sprite_1507.png
ERR: 无法加载模块:Public

[ 2017-04-27T18:57:40+08:00 ] ::1 /tushuguanli/Public/Home/images/home_sprite_1507.png
ERR: 无法加载模块:Public

[ 2017-04-27T18:57:40+08:00 ] ::1 /tushuguanli/Public/Home/images/home_sprite_1507.png
ERR: 无法加载模块:Public

[ 2017-04-27T18:57:40+08:00 ] ::1 /tushuguanli/Public/Home/images/home_sprite_1507.png
ERR: 无法加载模块:Public

[ 2017-04-27T18:57:40+08:00 ] ::1 /tushuguanli/Public/Home/images/home_sprite_1507.png
ERR: 无法加载模块:Public

[ 2017-04-27T18:57:41+08:00 ] ::1 /tushuguanli/Public/Home/images/home_sprite_1507.png
ERR: 无法加载模块:Public

[ 2017-04-27T18:57:41+08:00 ] ::1 /tushuguanli/Public/Home/images/home_sprite_1507.png
ERR: 无法加载模块:Public

[ 2017-04-27T18:57:41+08:00 ] ::1 /tushuguanli/Public/Home/images/home_sprite_1507.png
ERR: 无法加载模块:Public

[ 2017-04-27T18:57:41+08:00 ] ::1 /tushuguanli/Public/Home/images/home_sprite_1507.png
ERR: 无法加载模块:Public

[ 2017-04-27T18:57:41+08:00 ] ::1 /tushuguanli/Public/Home/images/home_sprite_1507.png
ERR: 无法加载模块:Public

[ 2017-04-27T18:57:41+08:00 ] ::1 /tushuguanli/Public/Home/images/home_sprite_1507.png
ERR: 无法加载模块:Public

[ 2017-04-27T18:57:42+08:00 ] ::1 /tushuguanli/Public/Home/images/home_sprite_1507.png
ERR: 无法加载模块:Public

[ 2017-04-27T18:57:42+08:00 ] ::1 /tushuguanli/Public/Home/images/home_sprite_1507.png
ERR: 无法加载模块:Public

[ 2017-04-27T18:57:43+08:00 ] ::1 /tushuguanli/Public/Home/images/home_sprite_1507.png
ERR: 无法加载模块:Public

[ 2017-04-27T18:57:46+08:00 ] ::1 /tushuguanli/Public/Home/images/home_sprite_1507.png
ERR: 无法加载模块:Public

[ 2017-04-27T18:57:47+08:00 ] ::1 /tushuguanli/Public/Home/images/home_sprite_1507.png
ERR: 无法加载模块:Public

[ 2017-04-27T18:57:47+08:00 ] ::1 /tushuguanli/Public/Home/images/home_sprite_1507.png
ERR: 无法加载模块:Public

[ 2017-04-27T18:57:47+08:00 ] ::1 /tushuguanli/Public/Home/images/home_sprite_1507.png
ERR: 无法加载模块:Public

[ 2017-04-27T18:57:47+08:00 ] ::1 /tushuguanli/Public/Home/images/home_sprite_1507.png
ERR: 无法加载模块:Public

[ 2017-04-27T18:57:49+08:00 ] ::1 /tushuguanli/Public/Home/images/home_sprite_1507.png
ERR: 无法加载模块:Public

[ 2017-04-27T18:57:49+08:00 ] ::1 /tushuguanli/Public/Home/images/home_sprite_1507.png
ERR: 无法加载模块:Public

[ 2017-04-27T18:57:50+08:00 ] ::1 /tushuguanli/Public/Home/images/home_sprite_1507.png
ERR: 无法加载模块:Public

[ 2017-04-27T18:57:50+08:00 ] ::1 /tushuguanli/Public/Home/images/home_sprite_1507.png
ERR: 无法加载模块:Public

[ 2017-04-27T18:57:50+08:00 ] ::1 /tushuguanli/Public/Home/images/home_sprite_1507.png
ERR: 无法加载模块:Public

[ 2017-04-27T18:57:50+08:00 ] ::1 /tushuguanli/Public/Home/images/home_sprite_1507.png
ERR: 无法加载模块:Public

[ 2017-04-27T18:57:50+08:00 ] ::1 /tushuguanli/Public/Home/images/home_sprite_1507.png
ERR: 无法加载模块:Public

[ 2017-04-27T18:57:50+08:00 ] ::1 /tushuguanli/Public/Home/images/home_sprite_1507.png
ERR: 无法加载模块:Public

[ 2017-04-27T18:57:50+08:00 ] ::1 /tushuguanli/Public/Home/images/home_sprite_1507.png
ERR: 无法加载模块:Public

[ 2017-04-27T18:57:50+08:00 ] ::1 /tushuguanli/Public/Home/images/home_sprite_1507.png
ERR: 无法加载模块:Public

[ 2017-04-27T18:57:51+08:00 ] ::1 /tushuguanli/Public/Home/images/home_sprite_1507.png
ERR: 无法加载模块:Public

[ 2017-04-27T18:57:51+08:00 ] ::1 /tushuguanli/Public/Home/images/home_sprite_1507.png
ERR: 无法加载模块:Public

[ 2017-04-27T18:57:51+08:00 ] ::1 /tushuguanli/Public/Home/images/home_sprite_1507.png
ERR: 无法加载模块:Public

[ 2017-04-27T18:57:51+08:00 ] ::1 /tushuguanli/Public/Home/images/home_sprite_1507.png
ERR: 无法加载模块:Public

[ 2017-04-27T18:57:51+08:00 ] ::1 /tushuguanli/Public/Home/images/home_sprite_1507.png
ERR: 无法加载模块:Public

[ 2017-04-27T18:57:51+08:00 ] ::1 /tushuguanli/Public/Home/images/home_sprite_1507.png
ERR: 无法加载模块:Public

[ 2017-04-27T18:57:51+08:00 ] ::1 /tushuguanli/Public/Home/images/home_sprite_1507.png
ERR: 无法加载模块:Public

[ 2017-04-27T18:57:51+08:00 ] ::1 /tushuguanli/Public/Home/images/home_sprite_1507.png
ERR: 无法加载模块:Public

[ 2017-04-27T18:57:52+08:00 ] ::1 /tushuguanli/Public/Home/images/home_sprite_1507.png
ERR: 无法加载模块:Public

[ 2017-04-27T18:57:52+08:00 ] ::1 /tushuguanli/Public/Home/images/home_sprite_1507.png
ERR: 无法加载模块:Public

[ 2017-04-27T18:57:52+08:00 ] ::1 /tushuguanli/Public/Home/images/home_sprite_1507.png
ERR: 无法加载模块:Public

[ 2017-04-27T18:57:52+08:00 ] ::1 /tushuguanli/Public/Home/images/home_sprite_1507.png
ERR: 无法加载模块:Public

[ 2017-04-27T18:57:52+08:00 ] ::1 /tushuguanli/Public/Home/images/home_sprite_1507.png
ERR: 无法加载模块:Public

[ 2017-04-27T18:57:52+08:00 ] ::1 /tushuguanli/Public/Home/images/home_sprite_1507.png
ERR: 无法加载模块:Public

[ 2017-04-27T18:57:52+08:00 ] ::1 /tushuguanli/Public/Home/images/home_sprite_1507.png
ERR: 无法加载模块:Public

[ 2017-04-27T18:57:52+08:00 ] ::1 /tushuguanli/Public/Home/images/home_sprite_1507.png
ERR: 无法加载模块:Public

[ 2017-04-27T18:57:53+08:00 ] ::1 /tushuguanli/Public/Home/images/home_sprite_1507.png
ERR: 无法加载模块:Public

[ 2017-04-27T18:58:07+08:00 ] ::1 /tushuguanli/images/QQ%E5%9B%BE%E7%89%8720170227113159.png
ERR: 无法加载模块:Images

[ 2017-04-27T18:58:08+08:00 ] ::1 /tushuguanli/Public/Home/images/home_sprite_1507.png
ERR: 无法加载模块:Public

[ 2017-04-27T18:58:08+08:00 ] ::1 /tushuguanli/Public/Lib/jquery.min.map
ERR: 无法加载模块:Public

[ 2017-04-27T18:58:55+08:00 ] ::1 /tushuguanli/images/QQ%E5%9B%BE%E7%89%8720170227113159.png
ERR: 无法加载模块:Images

[ 2017-04-27T18:58:55+08:00 ] ::1 /tushuguanli/Public/Home/images/home_sprite_1507.png
ERR: 无法加载模块:Public

[ 2017-04-27T18:59:09+08:00 ] ::1 /tushuguanli/Public/Home/images/home_sprite_1507.png
ERR: 无法加载模块:Public

[ 2017-04-27T18:59:10+08:00 ] ::1 /tushuguanli/Public/Home/images/home_sprite_1507.png
ERR: 无法加载模块:Public

[ 2017-04-27T18:59:12+08:00 ] ::1 /tushuguanli/Public/Home/images/home_sprite_1507.png
ERR: 无法加载模块:Public

[ 2017-04-27T18:59:12+08:00 ] ::1 /tushuguanli/Public/Home/images/home_sprite_1507.png
ERR: 无法加载模块:Public

[ 2017-04-27T18:59:12+08:00 ] ::1 /tushuguanli/Public/Home/images/home_sprite_1507.png
ERR: 无法加载模块:Public

[ 2017-04-27T18:59:12+08:00 ] ::1 /tushuguanli/Public/Home/images/home_sprite_1507.png
ERR: 无法加载模块:Public

[ 2017-04-27T18:59:12+08:00 ] ::1 /tushuguanli/Public/Home/images/home_sprite_1507.png
ERR: 无法加载模块:Public

[ 2017-04-27T18:59:12+08:00 ] ::1 /tushuguanli/Public/Home/images/home_sprite_1507.png
ERR: 无法加载模块:Public

[ 2017-04-27T18:59:13+08:00 ] ::1 /tushuguanli/Public/Home/images/home_sprite_1507.png
ERR: 无法加载模块:Public

[ 2017-04-27T18:59:13+08:00 ] ::1 /tushuguanli/Public/Home/images/home_sprite_1507.png
ERR: 无法加载模块:Public

[ 2017-04-27T18:59:13+08:00 ] ::1 /tushuguanli/Public/Home/images/home_sprite_1507.png
ERR: 无法加载模块:Public

[ 2017-04-27T18:59:13+08:00 ] ::1 /tushuguanli/Public/Home/images/home_sprite_1507.png
ERR: 无法加载模块:Public

[ 2017-04-27T18:59:13+08:00 ] ::1 /tushuguanli/Public/Home/images/home_sprite_1507.png
ERR: 无法加载模块:Public

[ 2017-04-27T18:59:13+08:00 ] ::1 /tushuguanli/Public/Home/images/home_sprite_1507.png
ERR: 无法加载模块:Public

[ 2017-04-27T18:59:13+08:00 ] ::1 /tushuguanli/Public/Home/images/home_sprite_1507.png
ERR: 无法加载模块:Public

[ 2017-04-27T18:59:13+08:00 ] ::1 /tushuguanli/Public/Home/images/home_sprite_1507.png
ERR: 无法加载模块:Public

[ 2017-04-27T18:59:13+08:00 ] ::1 /tushuguanli/Public/Home/images/home_sprite_1507.png
ERR: 无法加载模块:Public

[ 2017-04-27T18:59:13+08:00 ] ::1 /tushuguanli/Public/Home/images/home_sprite_1507.png
ERR: 无法加载模块:Public

[ 2017-04-27T18:59:13+08:00 ] ::1 /tushuguanli/Public/Home/images/home_sprite_1507.png
ERR: 无法加载模块:Public

[ 2017-04-27T18:59:13+08:00 ] ::1 /tushuguanli/Public/Home/images/home_sprite_1507.png
ERR: 无法加载模块:Public

[ 2017-04-27T18:59:13+08:00 ] ::1 /tushuguanli/Public/Home/images/home_sprite_1507.png
ERR: 无法加载模块:Public

[ 2017-04-27T18:59:13+08:00 ] ::1 /tushuguanli/Public/Home/images/home_sprite_1507.png
ERR: 无法加载模块:Public

[ 2017-04-27T18:59:13+08:00 ] ::1 /tushuguanli/Public/Home/images/home_sprite_1507.png
ERR: 无法加载模块:Public

[ 2017-04-27T18:59:13+08:00 ] ::1 /tushuguanli/Public/Home/images/home_sprite_1507.png
ERR: 无法加载模块:Public

[ 2017-04-27T18:59:13+08:00 ] ::1 /tushuguanli/Public/Home/images/home_sprite_1507.png
ERR: 无法加载模块:Public

[ 2017-04-27T18:59:13+08:00 ] ::1 /tushuguanli/Public/Home/images/home_sprite_1507.png
ERR: 无法加载模块:Public

[ 2017-04-27T18:59:13+08:00 ] ::1 /tushuguanli/Public/Home/images/home_sprite_1507.png
ERR: 无法加载模块:Public

[ 2017-04-27T18:59:14+08:00 ] ::1 /tushuguanli/Public/Home/images/home_sprite_1507.png
ERR: 无法加载模块:Public

[ 2017-04-27T18:59:14+08:00 ] ::1 /tushuguanli/Public/Home/images/home_sprite_1507.png
ERR: 无法加载模块:Public

[ 2017-04-27T18:59:14+08:00 ] ::1 /tushuguanli/Public/Home/images/home_sprite_1507.png
ERR: 无法加载模块:Public

[ 2017-04-27T18:59:14+08:00 ] ::1 /tushuguanli/Public/Home/images/home_sprite_1507.png
ERR: 无法加载模块:Public

[ 2017-04-27T18:59:14+08:00 ] ::1 /tushuguanli/Public/Home/images/home_sprite_1507.png
ERR: 无法加载模块:Public

[ 2017-04-27T18:59:14+08:00 ] ::1 /tushuguanli/Public/Home/images/home_sprite_1507.png
ERR: 无法加载模块:Public

[ 2017-04-27T18:59:14+08:00 ] ::1 /tushuguanli/Public/Home/images/home_sprite_1507.png
ERR: 无法加载模块:Public

[ 2017-04-27T18:59:14+08:00 ] ::1 /tushuguanli/Public/Home/images/home_sprite_1507.png
ERR: 无法加载模块:Public

[ 2017-04-27T18:59:15+08:00 ] ::1 /tushuguanli/Public/Home/images/home_sprite_1507.png
ERR: 无法加载模块:Public

[ 2017-04-27T18:59:15+08:00 ] ::1 /tushuguanli/Public/Home/images/home_sprite_1507.png
ERR: 无法加载模块:Public

[ 2017-04-27T18:59:15+08:00 ] ::1 /tushuguanli/Public/Home/images/home_sprite_1507.png
ERR: 无法加载模块:Public

[ 2017-04-27T18:59:15+08:00 ] ::1 /tushuguanli/Public/Home/images/home_sprite_1507.png
ERR: 无法加载模块:Public

[ 2017-04-27T18:59:15+08:00 ] ::1 /tushuguanli/Public/Home/images/home_sprite_1507.png
ERR: 无法加载模块:Public

[ 2017-04-27T18:59:16+08:00 ] ::1 /tushuguanli/Public/Home/images/home_sprite_1507.png
ERR: 无法加载模块:Public

[ 2017-04-27T18:59:17+08:00 ] ::1 /tushuguanli/Public/Home/images/home_sprite_1507.png
ERR: 无法加载模块:Public

[ 2017-04-27T18:59:21+08:00 ] ::1 /tushuguanli/Public/Home/images/home_sprite_1507.png
ERR: 无法加载模块:Public

[ 2017-04-27T18:59:29+08:00 ] ::1 /tushuguanli/Public/Home/images/home_sprite_1507.png
ERR: 无法加载模块:Public

[ 2017-04-27T18:59:30+08:00 ] ::1 /tushuguanli/Public/Home/images/home_sprite_1507.png
ERR: 无法加载模块:Public

[ 2017-04-27T18:59:30+08:00 ] ::1 /tushuguanli/Public/Home/images/home_sprite_1507.png
ERR: 无法加载模块:Public

[ 2017-04-27T18:59:30+08:00 ] ::1 /tushuguanli/Public/Home/images/home_sprite_1507.png
ERR: 无法加载模块:Public

[ 2017-04-27T18:59:30+08:00 ] ::1 /tushuguanli/Public/Home/images/home_sprite_1507.png
ERR: 无法加载模块:Public

[ 2017-04-27T18:59:30+08:00 ] ::1 /tushuguanli/Public/Home/images/home_sprite_1507.png
ERR: 无法加载模块:Public

[ 2017-04-27T18:59:30+08:00 ] ::1 /tushuguanli/Public/Home/images/home_sprite_1507.png
ERR: 无法加载模块:Public

[ 2017-04-27T18:59:30+08:00 ] ::1 /tushuguanli/Public/Home/images/home_sprite_1507.png
ERR: 无法加载模块:Public

[ 2017-04-27T18:59:30+08:00 ] ::1 /tushuguanli/Public/Home/images/home_sprite_1507.png
ERR: 无法加载模块:Public

[ 2017-04-27T18:59:30+08:00 ] ::1 /tushuguanli/Public/Home/images/home_sprite_1507.png
ERR: 无法加载模块:Public

[ 2017-04-27T18:59:30+08:00 ] ::1 /tushuguanli/Public/Home/images/home_sprite_1507.png
ERR: 无法加载模块:Public

[ 2017-04-27T18:59:30+08:00 ] ::1 /tushuguanli/Public/Home/images/home_sprite_1507.png
ERR: 无法加载模块:Public

[ 2017-04-27T18:59:31+08:00 ] ::1 /tushuguanli/Public/Home/images/home_sprite_1507.png
ERR: 无法加载模块:Public

[ 2017-04-27T18:59:31+08:00 ] ::1 /tushuguanli/Public/Home/images/home_sprite_1507.png
ERR: 无法加载模块:Public

[ 2017-04-27T18:59:31+08:00 ] ::1 /tushuguanli/Public/Home/images/home_sprite_1507.png
ERR: 无法加载模块:Public

[ 2017-04-27T18:59:31+08:00 ] ::1 /tushuguanli/Public/Home/images/home_sprite_1507.png
ERR: 无法加载模块:Public

[ 2017-04-27T18:59:31+08:00 ] ::1 /tushuguanli/Public/Home/images/home_sprite_1507.png
ERR: 无法加载模块:Public

[ 2017-04-27T18:59:31+08:00 ] ::1 /tushuguanli/Public/Home/images/home_sprite_1507.png
ERR: 无法加载模块:Public

[ 2017-04-27T18:59:31+08:00 ] ::1 /tushuguanli/Public/Home/images/home_sprite_1507.png
ERR: 无法加载模块:Public

[ 2017-04-27T18:59:31+08:00 ] ::1 /tushuguanli/Public/Home/images/home_sprite_1507.png
ERR: 无法加载模块:Public

[ 2017-04-27T18:59:31+08:00 ] ::1 /tushuguanli/Public/Home/images/home_sprite_1507.png
ERR: 无法加载模块:Public

[ 2017-04-27T18:59:31+08:00 ] ::1 /tushuguanli/Public/Home/images/home_sprite_1507.png
ERR: 无法加载模块:Public

[ 2017-04-27T18:59:31+08:00 ] ::1 /tushuguanli/Public/Home/images/home_sprite_1507.png
ERR: 无法加载模块:Public

[ 2017-04-27T18:59:31+08:00 ] ::1 /tushuguanli/Public/Home/images/home_sprite_1507.png
ERR: 无法加载模块:Public

[ 2017-04-27T18:59:31+08:00 ] ::1 /tushuguanli/Public/Home/images/home_sprite_1507.png
ERR: 无法加载模块:Public

[ 2017-04-27T18:59:31+08:00 ] ::1 /tushuguanli/Public/Home/images/home_sprite_1507.png
ERR: 无法加载模块:Public

[ 2017-04-27T18:59:31+08:00 ] ::1 /tushuguanli/Public/Home/images/home_sprite_1507.png
ERR: 无法加载模块:Public

[ 2017-04-27T18:59:31+08:00 ] ::1 /tushuguanli/Public/Home/images/home_sprite_1507.png
ERR: 无法加载模块:Public

[ 2017-04-27T18:59:31+08:00 ] ::1 /tushuguanli/Public/Home/images/home_sprite_1507.png
ERR: 无法加载模块:Public

[ 2017-04-27T18:59:31+08:00 ] ::1 /tushuguanli/Public/Home/images/home_sprite_1507.png
ERR: 无法加载模块:Public

[ 2017-04-27T18:59:32+08:00 ] ::1 /tushuguanli/Public/Home/images/home_sprite_1507.png
ERR: 无法加载模块:Public

[ 2017-04-27T18:59:32+08:00 ] ::1 /tushuguanli/Public/Home/images/home_sprite_1507.png
ERR: 无法加载模块:Public

[ 2017-04-27T18:59:32+08:00 ] ::1 /tushuguanli/Public/Home/images/home_sprite_1507.png
ERR: 无法加载模块:Public

[ 2017-04-27T18:59:32+08:00 ] ::1 /tushuguanli/Public/Home/images/home_sprite_1507.png
ERR: 无法加载模块:Public

[ 2017-04-27T18:59:32+08:00 ] ::1 /tushuguanli/Public/Home/images/home_sprite_1507.png
ERR: 无法加载模块:Public

[ 2017-04-27T18:59:33+08:00 ] ::1 /tushuguanli/Public/Home/images/home_sprite_1507.png
ERR: 无法加载模块:Public

[ 2017-04-27T18:59:33+08:00 ] ::1 /tushuguanli/Public/Home/images/home_sprite_1507.png
ERR: 无法加载模块:Public

[ 2017-04-27T18:59:34+08:00 ] ::1 /tushuguanli/Public/Home/images/home_sprite_1507.png
ERR: 无法加载模块:Public

[ 2017-04-27T18:59:35+08:00 ] ::1 /tushuguanli/Public/Home/images/home_sprite_1507.png
ERR: 无法加载模块:Public

[ 2017-04-27T18:59:37+08:00 ] ::1 /tushuguanli/Public/Home/images/home_sprite_1507.png
ERR: 无法加载模块:Public

[ 2017-04-27T18:59:39+08:00 ] ::1 /tushuguanli/Public/Home/images/home_sprite_1507.png
ERR: 无法加载模块:Public

[ 2017-04-27T18:59:39+08:00 ] ::1 /tushuguanli/Public/Home/images/home_sprite_1507.png
ERR: 无法加载模块:Public

[ 2017-04-27T18:59:48+08:00 ] ::1 /tushuguanli/Public/Home/images/home_sprite_1507.png
ERR: 无法加载模块:Public

[ 2017-04-27T19:00:05+08:00 ] ::1 /tushuguanli/images/QQ%E5%9B%BE%E7%89%8720170227113159.png
ERR: 无法加载模块:Images

[ 2017-04-27T19:00:06+08:00 ] ::1 /tushuguanli/Public/Home/images/home_sprite_1507.png
ERR: 无法加载模块:Public

[ 2017-04-27T19:00:06+08:00 ] ::1 /tushuguanli/Public/Lib/jquery.min.map
ERR: 无法加载模块:Public

[ 2017-04-27T19:00:24+08:00 ] ::1 /tushuguanli/images/QQ%E5%9B%BE%E7%89%8720170227113159.png
ERR: 无法加载模块:Images

[ 2017-04-27T19:00:24+08:00 ] ::1 /tushuguanli/Public/Home/images/home_sprite_1507.png
ERR: 无法加载模块:Public

[ 2017-04-27T19:00:24+08:00 ] ::1 /tushuguanli/Public/Lib/jquery.min.map
ERR: 无法加载模块:Public

[ 2017-04-27T19:00:37+08:00 ] ::1 /tushuguanli/Public/Home/images/home_sprite_1507.png
ERR: 无法加载模块:Public

[ 2017-04-27T19:00:41+08:00 ] ::1 /tushuguanli/Public/Home/images/home_sprite_1507.png
ERR: 无法加载模块:Public

[ 2017-04-27T19:00:47+08:00 ] ::1 /tushuguanli/Public/Home/images/home_sprite_1507.png
ERR: 无法加载模块:Public

[ 2017-04-27T19:00:48+08:00 ] ::1 /tushuguanli/Public/Home/images/home_sprite_1507.png
ERR: 无法加载模块:Public

[ 2017-04-27T19:00:49+08:00 ] ::1 /tushuguanli/Public/Home/images/home_sprite_1507.png
ERR: 无法加载模块:Public

[ 2017-04-27T19:00:49+08:00 ] ::1 /tushuguanli/Public/Home/images/home_sprite_1507.png
ERR: 无法加载模块:Public

[ 2017-04-27T19:00:50+08:00 ] ::1 /tushuguanli/Public/Home/images/home_sprite_1507.png
ERR: 无法加载模块:Public

[ 2017-04-27T19:00:52+08:00 ] ::1 /tushuguanli/Public/Home/images/home_sprite_1507.png
ERR: 无法加载模块:Public

[ 2017-04-27T19:00:53+08:00 ] ::1 /tushuguanli/Public/Home/images/home_sprite_1507.png
ERR: 无法加载模块:Public

[ 2017-04-27T19:00:54+08:00 ] ::1 /tushuguanli/Public/Home/images/home_sprite_1507.png
ERR: 无法加载模块:Public

[ 2017-04-27T19:00:55+08:00 ] ::1 /tushuguanli/Public/Home/images/home_sprite_1507.png
ERR: 无法加载模块:Public

[ 2017-04-27T19:00:55+08:00 ] ::1 /tushuguanli/Public/Home/images/home_sprite_1507.png
ERR: 无法加载模块:Public

[ 2017-04-27T19:01:01+08:00 ] ::1 /tushuguanli/Public/Home/images/home_sprite_1507.png
ERR: 无法加载模块:Public

[ 2017-04-27T19:01:16+08:00 ] ::1 /tushuguanli/Public/Home/images/home_sprite_1507.png
ERR: 无法加载模块:Public

[ 2017-04-27T19:01:18+08:00 ] ::1 /tushuguanli/Public/Home/images/home_sprite_1507.png
ERR: 无法加载模块:Public

[ 2017-04-27T19:01:19+08:00 ] ::1 /tushuguanli/Public/Home/images/home_sprite_1507.png
ERR: 无法加载模块:Public

[ 2017-04-27T19:01:20+08:00 ] ::1 /tushuguanli/Public/Home/images/home_sprite_1507.png
ERR: 无法加载模块:Public

[ 2017-04-27T19:01:20+08:00 ] ::1 /tushuguanli/Public/Home/images/home_sprite_1507.png
ERR: 无法加载模块:Public

[ 2017-04-27T19:01:21+08:00 ] ::1 /tushuguanli/Public/Home/images/home_sprite_1507.png
ERR: 无法加载模块:Public

[ 2017-04-27T19:01:22+08:00 ] ::1 /tushuguanli/Public/Home/images/home_sprite_1507.png
ERR: 无法加载模块:Public

[ 2017-04-27T19:01:23+08:00 ] ::1 /tushuguanli/Public/Home/images/home_sprite_1507.png
ERR: 无法加载模块:Public

[ 2017-04-27T19:01:27+08:00 ] ::1 /tushuguanli/Public/Home/images/home_sprite_1507.png
ERR: 无法加载模块:Public

[ 2017-04-27T19:01:34+08:00 ] ::1 /tushuguanli/images/QQ%E5%9B%BE%E7%89%8720170227113159.png
ERR: 无法加载模块:Images

[ 2017-04-27T19:01:34+08:00 ] ::1 /tushuguanli/Public/Home/images/home_sprite_1507.png
ERR: 无法加载模块:Public

[ 2017-04-27T19:01:34+08:00 ] ::1 /tushuguanli/Public/Lib/jquery.min.map
ERR: 无法加载模块:Public

[ 2017-04-27T19:02:00+08:00 ] ::1 /tushuguanli/images/QQ%E5%9B%BE%E7%89%8720170227113159.png
ERR: 无法加载模块:Images

[ 2017-04-27T19:02:00+08:00 ] ::1 /tushuguanli/Public/Home/images/home_sprite_1507.png
ERR: 无法加载模块:Public

[ 2017-04-27T19:02:20+08:00 ] ::1 /tushuguanli/Public/Home/images/home_sprite_1507.png
ERR: 无法加载模块:Public

[ 2017-04-27T19:02:20+08:00 ] ::1 /tushuguanli/images/QQ%E5%9B%BE%E7%89%8720170227113159.png
ERR: 无法加载模块:Images

[ 2017-04-27T19:03:43+08:00 ] ::1 /tushuguanli/images/QQ%E5%9B%BE%E7%89%8720170227113159.png
ERR: 无法加载模块:Images

[ 2017-04-27T19:03:43+08:00 ] ::1 /tushuguanli/Public/Home/images/home_sprite_1507.png
ERR: 无法加载模块:Public

[ 2017-04-27T19:03:43+08:00 ] ::1 /tushuguanli/Public/Lib/jquery.min.map
ERR: 无法加载模块:Public

[ 2017-04-27T19:03:55+08:00 ] ::1 /tushuguanli/images/QQ%E5%9B%BE%E7%89%8720170227113159.png
ERR: 无法加载模块:Images

[ 2017-04-27T19:03:55+08:00 ] ::1 /tushuguanli/Public/Home/images/home_sprite_1507.png
ERR: 无法加载模块:Public

[ 2017-04-27T19:04:10+08:00 ] ::1 /tushuguanli/images/QQ%E5%9B%BE%E7%89%8720170227113159.png
ERR: 无法加载模块:Images

[ 2017-04-27T19:04:10+08:00 ] ::1 /tushuguanli/Public/Home/images/home_sprite_1507.png
ERR: 无法加载模块:Public

[ 2017-04-27T19:05:08+08:00 ] ::1 /tushuguanli/Public/Home/images/home_sprite_1507.png
ERR: 无法加载模块:Public

[ 2017-04-27T19:05:10+08:00 ] ::1 /tushuguanli/Public/Home/images/home_sprite_1507.png
ERR: 无法加载模块:Public

[ 2017-04-27T19:05:12+08:00 ] ::1 /tushuguanli/Public/Home/images/home_sprite_1507.png
ERR: 无法加载模块:Public

[ 2017-04-27T19:05:13+08:00 ] ::1 /tushuguanli/Public/Home/images/home_sprite_1507.png
ERR: 无法加载模块:Public

[ 2017-04-27T19:05:13+08:00 ] ::1 /tushuguanli/Public/Home/images/home_sprite_1507.png
ERR: 无法加载模块:Public

[ 2017-04-27T19:05:15+08:00 ] ::1 /tushuguanli/Public/Home/images/home_sprite_1507.png
ERR: 无法加载模块:Public

[ 2017-04-27T19:05:15+08:00 ] ::1 /tushuguanli/Public/Home/images/home_sprite_1507.png
ERR: 无法加载模块:Public

[ 2017-04-27T19:05:16+08:00 ] ::1 /tushuguanli/Public/Home/images/home_sprite_1507.png
ERR: 无法加载模块:Public

[ 2017-04-27T19:05:17+08:00 ] ::1 /tushuguanli/Public/Home/images/home_sprite_1507.png
ERR: 无法加载模块:Public

[ 2017-04-27T19:05:17+08:00 ] ::1 /tushuguanli/Public/Home/images/home_sprite_1507.png
ERR: 无法加载模块:Public

[ 2017-04-27T19:05:18+08:00 ] ::1 /tushuguanli/Public/Home/images/home_sprite_1507.png
ERR: 无法加载模块:Public

[ 2017-04-27T19:05:19+08:00 ] ::1 /tushuguanli/Public/Home/images/home_sprite_1507.png
ERR: 无法加载模块:Public

[ 2017-04-27T19:05:20+08:00 ] ::1 /tushuguanli/Public/Home/images/home_sprite_1507.png
ERR: 无法加载模块:Public

[ 2017-04-27T19:05:24+08:00 ] ::1 /tushuguanli/Public/Home/images/home_sprite_1507.png
ERR: 无法加载模块:Public

[ 2017-04-27T19:06:05+08:00 ] ::1 /tushuguanli/images/QQ%E5%9B%BE%E7%89%8720170227113159.png
ERR: 无法加载模块:Images

[ 2017-04-27T19:06:05+08:00 ] ::1 /tushuguanli/Public/Home/images/home_sprite_1507.png
ERR: 无法加载模块:Public

[ 2017-04-27T19:06:39+08:00 ] ::1 /tushuguanli/Public/Home/images/home_sprite_1507.png
ERR: 无法加载模块:Public

[ 2017-04-27T19:06:40+08:00 ] ::1 /tushuguanli/Public/Home/images/home_sprite_1507.png
ERR: 无法加载模块:Public

[ 2017-04-27T19:06:42+08:00 ] ::1 /tushuguanli/Public/Home/images/home_sprite_1507.png
ERR: 无法加载模块:Public

[ 2017-04-27T19:06:42+08:00 ] ::1 /tushuguanli/Public/Home/images/home_sprite_1507.png
ERR: 无法加载模块:Public

[ 2017-04-27T19:06:42+08:00 ] ::1 /tushuguanli/Public/Home/images/home_sprite_1507.png
ERR: 无法加载模块:Public

[ 2017-04-27T19:06:43+08:00 ] ::1 /tushuguanli/Public/Home/images/home_sprite_1507.png
ERR: 无法加载模块:Public

[ 2017-04-27T19:06:45+08:00 ] ::1 /tushuguanli/Public/Home/images/home_sprite_1507.png
ERR: 无法加载模块:Public

[ 2017-04-27T19:06:51+08:00 ] ::1 /tushuguanli/Public/Home/images/home_sprite_1507.png
ERR: 无法加载模块:Public

[ 2017-04-27T19:06:52+08:00 ] ::1 /tushuguanli/Public/Home/images/home_sprite_1507.png
ERR: 无法加载模块:Public

[ 2017-04-27T19:07:00+08:00 ] ::1 /tushuguanli/images/QQ%E5%9B%BE%E7%89%8720170227113159.png
ERR: 无法加载模块:Images

[ 2017-04-27T19:07:00+08:00 ] ::1 /tushuguanli/Public/Home/images/home_sprite_1507.png
ERR: 无法加载模块:Public

[ 2017-04-27T19:07:00+08:00 ] ::1 /tushuguanli/Public/Lib/jquery.min.map
ERR: 无法加载模块:Public

[ 2017-04-27T19:08:39+08:00 ] ::1 /tushuguanli/%E6%B2%A7%E7%8B%BC%E8%A1%8C
ERR: 无法加载模块:沧狼行

[ 2017-04-27T19:08:39+08:00 ] ::1 /tushuguanli/%E5%8B%8B%E8%80%80%E9%9F%A9%E5%A8%B1
ERR: 无法加载模块:勋耀韩娱

[ 2017-04-27T19:08:39+08:00 ] ::1 /tushuguanli/images/QQ%E5%9B%BE%E7%89%8720170227113159.png
ERR: 无法加载模块:Images

[ 2017-04-27T19:08:40+08:00 ] ::1 /tushuguanli/%E6%98%9F%E6%B2%B3%E4%B9%8B%E6%9C%80%E5%BC%BA%E4%B8%BB%E5%AE%B0
ERR: 无法加载模块:星河之最强主宰

[ 2017-04-27T19:08:40+08:00 ] ::1 /tushuguanli/%E4%B8%87%E8%B1%A1%E6%90%9C%E7%B4%A2%E5%99%A8
ERR: 无法加载模块:万象搜索器

[ 2017-04-27T19:08:40+08:00 ] ::1 /tushuguanli/%E5%94%90%E9%97%A8%E9%AB%98%E6%89%8B%E5%9C%A8%E5%BC%82%E4%B8%96
ERR: 无法加载模块:唐门高手在异世

[ 2017-04-27T19:08:40+08:00 ] ::1 /tushuguanli/%E6%9D%90%E6%96%99%E5%B8%9D%E5%9B%BD
ERR: 无法加载模块:材料帝国

[ 2017-04-27T19:08:40+08:00 ] ::1 /tushuguanli/%E9%80%9A%E5%A4%A9%E5%A4%A7%E5%9C%A3
ERR: 无法加载模块:通天大圣

[ 2017-04-27T19:08:40+08:00 ] ::1 /tushuguanli/%E9%BB%84%E9%87%91%E6%B3%95%E7%9C%BC
ERR: 无法加载模块:黄金法眼

[ 2017-04-27T19:08:40+08:00 ] ::1 /tushuguanli/Public/Home/images/home_sprite_1507.png
ERR: 无法加载模块:Public

[ 2017-04-27T19:08:40+08:00 ] ::1 /tushuguanli/%E7%9B%9B%E5%94%90%E9%A3%8E%E6%9C%88
ERR: 无法加载模块:盛唐风月

[ 2017-04-27T19:08:40+08:00 ] ::1 /tushuguanli/%E6%88%91%E5%9C%A8%E5%BC%82%E7%95%8C%E6%8F%92%E4%B8%AA%E7%9C%BC
ERR: 无法加载模块:我在异界插个眼

[ 2017-04-27T19:08:58+08:00 ] ::1 /tushuguanli/Public/Lib/jquery.min.map
ERR: 无法加载模块:Public

[ 2017-04-27T19:09:40+08:00 ] ::1 /tushuguanli/images/QQ%E5%9B%BE%E7%89%8720170227113159.png
ERR: 无法加载模块:Images

[ 2017-04-27T19:09:40+08:00 ] ::1 /tushuguanli/Public/Home/images/home_sprite_1507.png
ERR: 无法加载模块:Public

[ 2017-04-27T19:10:22+08:00 ] ::1 /tushuguanli/images/QQ%E5%9B%BE%E7%89%8720170227113159.png
ERR: 无法加载模块:Images

[ 2017-04-27T19:10:23+08:00 ] ::1 /tushuguanli/Public/Home/images/home_sprite_1507.png
ERR: 无法加载模块:Public

[ 2017-04-27T19:10:39+08:00 ] ::1 /tushuguanli/images/QQ%E5%9B%BE%E7%89%8720170227113159.png
ERR: 无法加载模块:Images

[ 2017-04-27T19:10:39+08:00 ] ::1 /tushuguanli/Public/Home/images/home_sprite_1507.png
ERR: 无法加载模块:Public

[ 2017-04-27T19:13:24+08:00 ] ::1 /tushuguanli/images/QQ%E5%9B%BE%E7%89%8720170227113159.png
ERR: 无法加载模块:Images

[ 2017-04-27T19:13:25+08:00 ] ::1 /tushuguanli/Public/Home/images/home_sprite_1507.png
ERR: 无法加载模块:Public

[ 2017-04-27T19:13:25+08:00 ] ::1 /tushuguanli/Public/Lib/jquery.min.map
ERR: 无法加载模块:Public

[ 2017-04-27T19:13:32+08:00 ] ::1 /tushuguanli/Public/Home/images/home_sprite_1507.png
ERR: 无法加载模块:Public

[ 2017-04-27T19:13:32+08:00 ] ::1 /tushuguanli/Public/Home/images/home_sprite_1507.png
ERR: 无法加载模块:Public

[ 2017-04-27T19:13:33+08:00 ] ::1 /tushuguanli/Public/Home/images/home_sprite_1507.png
ERR: 无法加载模块:Public

[ 2017-04-27T19:13:33+08:00 ] ::1 /tushuguanli/Public/Home/images/home_sprite_1507.png
ERR: 无法加载模块:Public

[ 2017-04-27T19:13:33+08:00 ] ::1 /tushuguanli/Public/Home/images/home_sprite_1507.png
ERR: 无法加载模块:Public

[ 2017-04-27T19:13:34+08:00 ] ::1 /tushuguanli/Public/Home/images/home_sprite_1507.png
ERR: 无法加载模块:Public

[ 2017-04-27T19:13:34+08:00 ] ::1 /tushuguanli/Public/Home/images/home_sprite_1507.png
ERR: 无法加载模块:Public

[ 2017-04-27T19:13:38+08:00 ] ::1 /tushuguanli/Public/Home/images/home_sprite_1507.png
ERR: 无法加载模块:Public

[ 2017-04-27T19:13:42+08:00 ] ::1 /tushuguanli/Public/Home/images/home_sprite_1507.png
ERR: 无法加载模块:Public

[ 2017-04-27T19:13:43+08:00 ] ::1 /tushuguanli/Public/Home/images/home_sprite_1507.png
ERR: 无法加载模块:Public

[ 2017-04-27T19:13:47+08:00 ] ::1 /tushuguanli/Public/Home/images/home_sprite_1507.png
ERR: 无法加载模块:Public

[ 2017-04-27T19:14:09+08:00 ] ::1 /tushuguanli/images/QQ%E5%9B%BE%E7%89%8720170227113159.png
ERR: 无法加载模块:Images

[ 2017-04-27T19:14:09+08:00 ] ::1 /tushuguanli/Public/Home/images/home_sprite_1507.png
ERR: 无法加载模块:Public

[ 2017-04-27T19:14:09+08:00 ] ::1 /tushuguanli/Public/Lib/jquery.min.map
ERR: 无法加载模块:Public

[ 2017-04-27T19:14:22+08:00 ] ::1 /tushuguanli/Public/Home/images/home_sprite_1507.png
ERR: 无法加载模块:Public

[ 2017-04-27T19:14:23+08:00 ] ::1 /tushuguanli/Public/Home/images/home_sprite_1507.png
ERR: 无法加载模块:Public

[ 2017-04-27T19:14:32+08:00 ] ::1 /tushuguanli/images/QQ%E5%9B%BE%E7%89%8720170227113159.png
ERR: 无法加载模块:Images

[ 2017-04-27T19:14:32+08:00 ] ::1 /tushuguanli/Public/Home/images/home_sprite_1507.png
ERR: 无法加载模块:Public

[ 2017-04-27T19:14:32+08:00 ] ::1 /tushuguanli/Public/Lib/jquery.min.map
ERR: 无法加载模块:Public

[ 2017-04-27T19:18:53+08:00 ] ::1 /tushuguanli/images/QQ%E5%9B%BE%E7%89%8720170227113159.png
ERR: 无法加载模块:Images

[ 2017-04-27T19:18:53+08:00 ] ::1 /tushuguanli/Public/Home/images/home_sprite_1507.png
ERR: 无法加载模块:Public

[ 2017-04-27T19:18:53+08:00 ] ::1 /tushuguanli/Public/Lib/jquery.min.map
ERR: 无法加载模块:Public

[ 2017-04-27T19:19:06+08:00 ] ::1 /tushuguanli/Public/Home/images/home_sprite_1507.png
ERR: 无法加载模块:Public

[ 2017-04-27T19:19:06+08:00 ] ::1 /tushuguanli/Public/Home/images/home_sprite_1507.png
ERR: 无法加载模块:Public

[ 2017-04-27T19:19:06+08:00 ] ::1 /tushuguanli/Public/Home/images/home_sprite_1507.png
ERR: 无法加载模块:Public

[ 2017-04-27T19:19:07+08:00 ] ::1 /tushuguanli/Public/Home/images/home_sprite_1507.png
ERR: 无法加载模块:Public

[ 2017-04-27T19:19:07+08:00 ] ::1 /tushuguanli/Public/Home/images/home_sprite_1507.png
ERR: 无法加载模块:Public

[ 2017-04-27T19:19:07+08:00 ] ::1 /tushuguanli/Public/Home/images/home_sprite_1507.png
ERR: 无法加载模块:Public

[ 2017-04-27T19:19:07+08:00 ] ::1 /tushuguanli/Public/Home/images/home_sprite_1507.png
ERR: 无法加载模块:Public

[ 2017-04-27T19:19:07+08:00 ] ::1 /tushuguanli/Public/Home/images/home_sprite_1507.png
ERR: 无法加载模块:Public

[ 2017-04-27T19:19:07+08:00 ] ::1 /tushuguanli/Public/Home/images/home_sprite_1507.png
ERR: 无法加载模块:Public

[ 2017-04-27T19:19:07+08:00 ] ::1 /tushuguanli/Public/Home/images/home_sprite_1507.png
ERR: 无法加载模块:Public

[ 2017-04-27T19:19:07+08:00 ] ::1 /tushuguanli/Public/Home/images/home_sprite_1507.png
ERR: 无法加载模块:Public

[ 2017-04-27T19:19:08+08:00 ] ::1 /tushuguanli/Public/Home/images/home_sprite_1507.png
ERR: 无法加载模块:Public

[ 2017-04-27T19:19:08+08:00 ] ::1 /tushuguanli/Public/Home/images/home_sprite_1507.png
ERR: 无法加载模块:Public

[ 2017-04-27T19:19:08+08:00 ] ::1 /tushuguanli/Public/Home/images/home_sprite_1507.png
ERR: 无法加载模块:Public

[ 2017-04-27T19:19:08+08:00 ] ::1 /tushuguanli/Public/Home/images/home_sprite_1507.png
ERR: 无法加载模块:Public

[ 2017-04-27T19:19:08+08:00 ] ::1 /tushuguanli/Public/Home/images/home_sprite_1507.png
ERR: 无法加载模块:Public

[ 2017-04-27T19:19:09+08:00 ] ::1 /tushuguanli/Public/Home/images/home_sprite_1507.png
ERR: 无法加载模块:Public

[ 2017-04-27T19:19:09+08:00 ] ::1 /tushuguanli/Public/Home/images/home_sprite_1507.png
ERR: 无法加载模块:Public

[ 2017-04-27T19:19:12+08:00 ] ::1 /tushuguanli/Public/Home/images/home_sprite_1507.png
ERR: 无法加载模块:Public

[ 2017-04-27T19:19:13+08:00 ] ::1 /tushuguanli/Public/Home/images/home_sprite_1507.png
ERR: 无法加载模块:Public

[ 2017-04-27T19:19:13+08:00 ] ::1 /tushuguanli/Public/Home/images/home_sprite_1507.png
ERR: 无法加载模块:Public

[ 2017-04-27T19:19:13+08:00 ] ::1 /tushuguanli/Public/Home/images/home_sprite_1507.png
ERR: 无法加载模块:Public

[ 2017-04-27T19:19:14+08:00 ] ::1 /tushuguanli/Public/Home/images/home_sprite_1507.png
ERR: 无法加载模块:Public

[ 2017-04-27T19:19:14+08:00 ] ::1 /tushuguanli/Public/Home/images/home_sprite_1507.png
ERR: 无法加载模块:Public

[ 2017-04-27T19:19:14+08:00 ] ::1 /tushuguanli/Public/Home/images/home_sprite_1507.png
ERR: 无法加载模块:Public

[ 2017-04-27T19:19:14+08:00 ] ::1 /tushuguanli/Public/Home/images/home_sprite_1507.png
ERR: 无法加载模块:Public

[ 2017-04-27T19:19:14+08:00 ] ::1 /tushuguanli/Public/Home/images/home_sprite_1507.png
ERR: 无法加载模块:Public

[ 2017-04-27T19:19:14+08:00 ] ::1 /tushuguanli/Public/Home/images/home_sprite_1507.png
ERR: 无法加载模块:Public

[ 2017-04-27T19:19:15+08:00 ] ::1 /tushuguanli/Public/Home/images/home_sprite_1507.png
ERR: 无法加载模块:Public

[ 2017-04-27T19:19:15+08:00 ] ::1 /tushuguanli/Public/Home/images/home_sprite_1507.png
ERR: 无法加载模块:Public

[ 2017-04-27T19:19:15+08:00 ] ::1 /tushuguanli/Public/Home/images/home_sprite_1507.png
ERR: 无法加载模块:Public

[ 2017-04-27T19:19:15+08:00 ] ::1 /tushuguanli/Public/Home/images/home_sprite_1507.png
ERR: 无法加载模块:Public

[ 2017-04-27T19:19:16+08:00 ] ::1 /tushuguanli/Public/Home/images/home_sprite_1507.png
ERR: 无法加载模块:Public

[ 2017-04-27T19:19:18+08:00 ] ::1 /tushuguanli/Public/Home/images/home_sprite_1507.png
ERR: 无法加载模块:Public

[ 2017-04-27T19:19:19+08:00 ] ::1 /tushuguanli/Public/Home/images/home_sprite_1507.png
ERR: 无法加载模块:Public

[ 2017-04-27T19:19:38+08:00 ] ::1 /tushuguanli/images/QQ%E5%9B%BE%E7%89%8720170227113159.png
ERR: 无法加载模块:Images

[ 2017-04-27T19:19:38+08:00 ] ::1 /tushuguanli/Public/Home/images/home_sprite_1507.png
ERR: 无法加载模块:Public

[ 2017-04-27T19:19:38+08:00 ] ::1 /tushuguanli/Public/Lib/jquery.min.map
ERR: 无法加载模块:Public

[ 2017-04-27T19:20:37+08:00 ] ::1 /tushuguanli/images/QQ%E5%9B%BE%E7%89%8720170227113159.png
ERR: 无法加载模块:Images

[ 2017-04-27T19:20:37+08:00 ] ::1 /tushuguanli/Public/Home/images/home_sprite_1507.png
ERR: 无法加载模块:Public

[ 2017-04-27T19:20:37+08:00 ] ::1 /tushuguanli/Public/Lib/jquery.min.map
ERR: 无法加载模块:Public

[ 2017-04-27T19:21:30+08:00 ] ::1 /tushuguanli/images/QQ%E5%9B%BE%E7%89%8720170227113159.png
ERR: 无法加载模块:Images

[ 2017-04-27T19:21:30+08:00 ] ::1 /tushuguanli/Public/Home/images/home_sprite_1507.png
ERR: 无法加载模块:Public

[ 2017-04-27T19:21:30+08:00 ] ::1 /tushuguanli/Public/Lib/jquery.min.map
ERR: 无法加载模块:Public

[ 2017-04-27T19:21:42+08:00 ] ::1 /tushuguanli/images/QQ%E5%9B%BE%E7%89%8720170227113159.png
ERR: 无法加载模块:Images

[ 2017-04-27T19:21:42+08:00 ] ::1 /tushuguanli/Public/Home/images/home_sprite_1507.png
ERR: 无法加载模块:Public

[ 2017-04-27T19:21:42+08:00 ] ::1 /tushuguanli/Public/Lib/jquery.min.map
ERR: 无法加载模块:Public

[ 2017-04-27T19:22:15+08:00 ] ::1 /tushuguanli/images/QQ%E5%9B%BE%E7%89%8720170227113159.png
ERR: 无法加载模块:Images

[ 2017-04-27T19:22:16+08:00 ] ::1 /tushuguanli/Public/Home/images/home_sprite_1507.png
ERR: 无法加载模块:Public

[ 2017-04-27T19:22:16+08:00 ] ::1 /tushuguanli/Public/Lib/jquery.min.map
ERR: 无法加载模块:Public

[ 2017-04-27T19:22:24+08:00 ] ::1 /tushuguanli/images/QQ%E5%9B%BE%E7%89%8720170227113159.png
ERR: 无法加载模块:Images

[ 2017-04-27T19:22:25+08:00 ] ::1 /tushuguanli/Public/Home/images/home_sprite_1507.png
ERR: 无法加载模块:Public

[ 2017-04-27T19:22:25+08:00 ] ::1 /tushuguanli/Public/Lib/jquery.min.map
ERR: 无法加载模块:Public

[ 2017-04-27T19:22:57+08:00 ] ::1 /tushuguanli/images/QQ%E5%9B%BE%E7%89%8720170227113159.png
ERR: 无法加载模块:Images

[ 2017-04-27T19:22:57+08:00 ] ::1 /tushuguanli/Public/Home/images/home_sprite_1507.png
ERR: 无法加载模块:Public

[ 2017-04-27T19:22:58+08:00 ] ::1 /tushuguanli/Public/Lib/jquery.min.map
ERR: 无法加载模块:Public

[ 2017-04-27T19:24:25+08:00 ] ::1 /tushuguanli/images/QQ%E5%9B%BE%E7%89%8720170227113159.png
ERR: 无法加载模块:Images

[ 2017-04-27T19:24:25+08:00 ] ::1 /tushuguanli/Public/Home/images/home_sprite_1507.png
ERR: 无法加载模块:Public

[ 2017-04-27T19:24:25+08:00 ] ::1 /tushuguanli/Public/Lib/jquery.min.map
ERR: 无法加载模块:Public

[ 2017-04-27T19:25:06+08:00 ] ::1 /tushuguanli/images/QQ%E5%9B%BE%E7%89%8720170227113159.png
ERR: 无法加载模块:Images

[ 2017-04-27T19:25:06+08:00 ] ::1 /tushuguanli/Public/Home/images/home_sprite_1507.png
ERR: 无法加载模块:Public

[ 2017-04-27T19:25:06+08:00 ] ::1 /tushuguanli/Public/Lib/jquery.min.map
ERR: 无法加载模块:Public

[ 2017-04-27T19:25:17+08:00 ] ::1 /tushuguanli/images/QQ%E5%9B%BE%E7%89%8720170227113159.png
ERR: 无法加载模块:Images

[ 2017-04-27T19:25:17+08:00 ] ::1 /tushuguanli/Public/Home/images/home_sprite_1507.png
ERR: 无法加载模块:Public

[ 2017-04-27T19:25:17+08:00 ] ::1 /tushuguanli/Public/Lib/jquery.min.map
ERR: 无法加载模块:Public

[ 2017-04-27T19:25:32+08:00 ] ::1 /tushuguanli/images/QQ%E5%9B%BE%E7%89%8720170227113159.png
ERR: 无法加载模块:Images

[ 2017-04-27T19:25:32+08:00 ] ::1 /tushuguanli/Public/Home/images/home_sprite_1507.png
ERR: 无法加载模块:Public

[ 2017-04-27T19:25:33+08:00 ] ::1 /tushuguanli/Public/Lib/jquery.min.map
ERR: 无法加载模块:Public

[ 2017-04-27T19:26:03+08:00 ] ::1 /tushuguanli/images/QQ%E5%9B%BE%E7%89%8720170227113159.png
ERR: 无法加载模块:Images

[ 2017-04-27T19:26:03+08:00 ] ::1 /tushuguanli/Public/Home/images/home_sprite_1507.png
ERR: 无法加载模块:Public

[ 2017-04-27T19:26:03+08:00 ] ::1 /tushuguanli/Public/Lib/jquery.min.map
ERR: 无法加载模块:Public

[ 2017-04-27T19:26:16+08:00 ] ::1 /tushuguanli/images/QQ%E5%9B%BE%E7%89%8720170227113159.png
ERR: 无法加载模块:Images

[ 2017-04-27T19:26:16+08:00 ] ::1 /tushuguanli/Public/Home/images/home_sprite_1507.png
ERR: 无法加载模块:Public

[ 2017-04-27T19:26:16+08:00 ] ::1 /tushuguanli/Public/Lib/jquery.min.map
ERR: 无法加载模块:Public

[ 2017-04-27T19:26:32+08:00 ] ::1 /tushuguanli/Public/Home/images/home_sprite_1507.png
ERR: 无法加载模块:Public

[ 2017-04-27T19:26:33+08:00 ] ::1 /tushuguanli/Public/Home/images/home_sprite_1507.png
ERR: 无法加载模块:Public

[ 2017-04-27T19:26:36+08:00 ] ::1 /tushuguanli/Public/Home/images/home_sprite_1507.png
ERR: 无法加载模块:Public

[ 2017-04-27T19:26:36+08:00 ] ::1 /tushuguanli/Public/Home/images/home_sprite_1507.png
ERR: 无法加载模块:Public

[ 2017-04-27T19:26:37+08:00 ] ::1 /tushuguanli/Public/Home/images/home_sprite_1507.png
ERR: 无法加载模块:Public

[ 2017-04-27T19:26:37+08:00 ] ::1 /tushuguanli/Public/Home/images/home_sprite_1507.png
ERR: 无法加载模块:Public

[ 2017-04-27T19:26:37+08:00 ] ::1 /tushuguanli/Public/Home/images/home_sprite_1507.png
ERR: 无法加载模块:Public

[ 2017-04-27T19:26:37+08:00 ] ::1 /tushuguanli/Public/Home/images/home_sprite_1507.png
ERR: 无法加载模块:Public

[ 2017-04-27T19:26:40+08:00 ] ::1 /tushuguanli/Public/Home/images/home_sprite_1507.png
ERR: 无法加载模块:Public

[ 2017-04-27T19:26:52+08:00 ] ::1 /tushuguanli/images/QQ%E5%9B%BE%E7%89%8720170227113159.png
ERR: 无法加载模块:Images

[ 2017-04-27T19:26:52+08:00 ] ::1 /tushuguanli/Public/Home/images/home_sprite_1507.png
ERR: 无法加载模块:Public

[ 2017-04-27T19:26:52+08:00 ] ::1 /tushuguanli/Public/Lib/jquery.min.map
ERR: 无法加载模块:Public

[ 2017-04-27T19:27:09+08:00 ] ::1 /tushuguanli/images/QQ%E5%9B%BE%E7%89%8720170227113159.png
ERR: 无法加载模块:Images

[ 2017-04-27T19:27:09+08:00 ] ::1 /tushuguanli/Public/Home/images/home_sprite_1507.png
ERR: 无法加载模块:Public

[ 2017-04-27T19:27:10+08:00 ] ::1 /tushuguanli/Public/Lib/jquery.min.map
ERR: 无法加载模块:Public

[ 2017-04-27T19:27:25+08:00 ] ::1 /tushuguanli/images/QQ%E5%9B%BE%E7%89%8720170227113159.png
ERR: 无法加载模块:Images

[ 2017-04-27T19:27:26+08:00 ] ::1 /tushuguanli/Public/Home/images/home_sprite_1507.png
ERR: 无法加载模块:Public

[ 2017-04-27T19:27:26+08:00 ] ::1 /tushuguanli/Public/Lib/jquery.min.map
ERR: 无法加载模块:Public

[ 2017-04-27T19:27:42+08:00 ] ::1 /tushuguanli/images/QQ%E5%9B%BE%E7%89%8720170227113159.png
ERR: 无法加载模块:Images

[ 2017-04-27T19:27:42+08:00 ] ::1 /tushuguanli/Public/Home/images/home_sprite_1507.png
ERR: 无法加载模块:Public

[ 2017-04-27T19:27:43+08:00 ] ::1 /tushuguanli/Public/Lib/jquery.min.map
ERR: 无法加载模块:Public

[ 2017-04-27T19:28:15+08:00 ] ::1 /tushuguanli/images/QQ%E5%9B%BE%E7%89%8720170227113159.png
ERR: 无法加载模块:Images

[ 2017-04-27T19:28:15+08:00 ] ::1 /tushuguanli/Public/Home/images/home_sprite_1507.png
ERR: 无法加载模块:Public

[ 2017-04-27T19:28:15+08:00 ] ::1 /tushuguanli/Public/Lib/jquery.min.map
ERR: 无法加载模块:Public

[ 2017-04-27T19:28:25+08:00 ] ::1 /tushuguanli/images/QQ%E5%9B%BE%E7%89%8720170227113159.png
ERR: 无法加载模块:Images

[ 2017-04-27T19:28:25+08:00 ] ::1 /tushuguanli/Public/Home/images/home_sprite_1507.png
ERR: 无法加载模块:Public

[ 2017-04-27T19:28:25+08:00 ] ::1 /tushuguanli/Public/Lib/jquery.min.map
ERR: 无法加载模块:Public

[ 2017-04-27T19:28:47+08:00 ] ::1 /tushuguanli/Public/Home/images/home_sprite_1507.png
ERR: 无法加载模块:Public

[ 2017-04-27T19:28:49+08:00 ] ::1 /tushuguanli/Public/Home/images/home_sprite_1507.png
ERR: 无法加载模块:Public

[ 2017-04-27T19:28:51+08:00 ] ::1 /tushuguanli/Public/Home/images/home_sprite_1507.png
ERR: 无法加载模块:Public

[ 2017-04-27T19:28:51+08:00 ] ::1 /tushuguanli/Public/Home/images/home_sprite_1507.png
ERR: 无法加载模块:Public

[ 2017-04-27T19:28:53+08:00 ] ::1 /tushuguanli/Public/Home/images/home_sprite_1507.png
ERR: 无法加载模块:Public

[ 2017-04-27T19:29:00+08:00 ] ::1 /tushuguanli/images/QQ%E5%9B%BE%E7%89%8720170227113159.png
ERR: 无法加载模块:Images

[ 2017-04-27T19:29:01+08:00 ] ::1 /tushuguanli/Public/Home/images/home_sprite_1507.png
ERR: 无法加载模块:Public

[ 2017-04-27T19:29:01+08:00 ] ::1 /tushuguanli/Public/Lib/jquery.min.map
ERR: 无法加载模块:Public

[ 2017-04-27T19:29:07+08:00 ] ::1 /tushuguanli/images/QQ%E5%9B%BE%E7%89%8720170227113159.png
ERR: 无法加载模块:Images

[ 2017-04-27T19:29:07+08:00 ] ::1 /tushuguanli/Public/Home/images/home_sprite_1507.png
ERR: 无法加载模块:Public

[ 2017-04-27T19:29:07+08:00 ] ::1 /tushuguanli/Public/Lib/jquery.min.map
ERR: 无法加载模块:Public

[ 2017-04-27T19:29:40+08:00 ] ::1 /tushuguanli/images/QQ%E5%9B%BE%E7%89%8720170227113159.png
ERR: 无法加载模块:Images

[ 2017-04-27T19:29:40+08:00 ] ::1 /tushuguanli/Public/Home/images/home_sprite_1507.png
ERR: 无法加载模块:Public

[ 2017-04-27T19:30:21+08:00 ] ::1 /tushuguanli/images/QQ%E5%9B%BE%E7%89%8720170227113159.png
ERR: 无法加载模块:Images

[ 2017-04-27T19:30:22+08:00 ] ::1 /tushuguanli/Public/Home/images/home_sprite_1507.png
ERR: 无法加载模块:Public

[ 2017-04-27T19:30:22+08:00 ] ::1 /tushuguanli/Public/Lib/jquery.min.map
ERR: 无法加载模块:Public

[ 2017-04-27T19:30:28+08:00 ] ::1 /tushuguanli/images/QQ%E5%9B%BE%E7%89%8720170227113159.png
ERR: 无法加载模块:Images

[ 2017-04-27T19:30:28+08:00 ] ::1 /tushuguanli/Public/Home/images/home_sprite_1507.png
ERR: 无法加载模块:Public

[ 2017-04-27T19:30:28+08:00 ] ::1 /tushuguanli/Public/Lib/jquery.min.map
ERR: 无法加载模块:Public

[ 2017-04-27T19:30:48+08:00 ] ::1 /tushuguanli/images/QQ%E5%9B%BE%E7%89%8720170227113159.png
ERR: 无法加载模块:Images

[ 2017-04-27T19:30:48+08:00 ] ::1 /tushuguanli/Public/Home/images/home_sprite_1507.png
ERR: 无法加载模块:Public

[ 2017-04-27T19:30:48+08:00 ] ::1 /tushuguanli/Public/Lib/jquery.min.map
ERR: 无法加载模块:Public

[ 2017-04-27T19:30:59+08:00 ] ::1 /tushuguanli/images/QQ%E5%9B%BE%E7%89%8720170227113159.png
ERR: 无法加载模块:Images

[ 2017-04-27T19:31:00+08:00 ] ::1 /tushuguanli/Public/Home/images/home_sprite_1507.png
ERR: 无法加载模块:Public

[ 2017-04-27T19:31:00+08:00 ] ::1 /tushuguanli/Public/Lib/jquery.min.map
ERR: 无法加载模块:Public

[ 2017-04-27T19:31:43+08:00 ] ::1 /tushuguanli/images/QQ%E5%9B%BE%E7%89%8720170227113159.png
ERR: 无法加载模块:Images

[ 2017-04-27T19:31:44+08:00 ] ::1 /tushuguanli/Public/Home/images/home_sprite_1507.png
ERR: 无法加载模块:Public

[ 2017-04-27T19:31:44+08:00 ] ::1 /tushuguanli/Public/Lib/jquery.min.map
ERR: 无法加载模块:Public

[ 2017-04-27T19:33:14+08:00 ] ::1 /tushuguanli/images/QQ%E5%9B%BE%E7%89%8720170227113159.png
ERR: 无法加载模块:Images

[ 2017-04-27T19:33:14+08:00 ] ::1 /tushuguanli/Public/Home/images/home_sprite_1507.png
ERR: 无法加载模块:Public

[ 2017-04-27T19:33:14+08:00 ] ::1 /tushuguanli/Public/Lib/jquery.min.map
ERR: 无法加载模块:Public

[ 2017-04-27T19:35:58+08:00 ] ::1 /tushuguanli/images/QQ%E5%9B%BE%E7%89%8720170227113159.png
ERR: 无法加载模块:Images

[ 2017-04-27T19:35:58+08:00 ] ::1 /tushuguanli/Public/Home/images/home_sprite_1507.png
ERR: 无法加载模块:Public

[ 2017-04-27T19:36:43+08:00 ] ::1 /tushuguanli/images/QQ%E5%9B%BE%E7%89%8720170227113159.png
ERR: 无法加载模块:Images

[ 2017-04-27T19:36:43+08:00 ] ::1 /tushuguanli/Public/Home/images/home_sprite_1507.png
ERR: 无法加载模块:Public

[ 2017-04-27T19:37:37+08:00 ] ::1 /tushuguanli/Public/Home/images/home_sprite_1507.png
ERR: 无法加载模块:Public

[ 2017-04-27T19:37:54+08:00 ] ::1 /tushuguanli/Public/Home/images/home_sprite_1507.png
ERR: 无法加载模块:Public

[ 2017-04-27T19:37:55+08:00 ] ::1 /tushuguanli/Public/Home/images/home_sprite_1507.png
ERR: 无法加载模块:Public

[ 2017-04-27T19:37:55+08:00 ] ::1 /tushuguanli/Public/Home/images/home_sprite_1507.png
ERR: 无法加载模块:Public

[ 2017-04-27T19:37:55+08:00 ] ::1 /tushuguanli/Public/Home/images/home_sprite_1507.png
ERR: 无法加载模块:Public

[ 2017-04-27T19:37:55+08:00 ] ::1 /tushuguanli/Public/Home/images/home_sprite_1507.png
ERR: 无法加载模块:Public

[ 2017-04-27T19:37:55+08:00 ] ::1 /tushuguanli/Public/Home/images/home_sprite_1507.png
ERR: 无法加载模块:Public

[ 2017-04-27T19:37:55+08:00 ] ::1 /tushuguanli/Public/Home/images/home_sprite_1507.png
ERR: 无法加载模块:Public

[ 2017-04-27T19:37:56+08:00 ] ::1 /tushuguanli/Public/Home/images/home_sprite_1507.png
ERR: 无法加载模块:Public

[ 2017-04-27T19:37:56+08:00 ] ::1 /tushuguanli/Public/Home/images/home_sprite_1507.png
ERR: 无法加载模块:Public

[ 2017-04-27T19:37:56+08:00 ] ::1 /tushuguanli/Public/Home/images/home_sprite_1507.png
ERR: 无法加载模块:Public

[ 2017-04-27T19:37:57+08:00 ] ::1 /tushuguanli/Public/Home/images/home_sprite_1507.png
ERR: 无法加载模块:Public

[ 2017-04-27T19:38:04+08:00 ] ::1 /tushuguanli/Public/Home/images/home_sprite_1507.png
ERR: 无法加载模块:Public

[ 2017-04-27T19:39:01+08:00 ] ::1 /tushuguanli/images/QQ%E5%9B%BE%E7%89%8720170227113159.png
ERR: 无法加载模块:Images

[ 2017-04-27T19:39:01+08:00 ] ::1 /tushuguanli/Public/Home/images/home_sprite_1507.png
ERR: 无法加载模块:Public

[ 2017-04-27T19:40:08+08:00 ] ::1 /tushuguanli/Public/Home/images/home_sprite_1507.png
ERR: 无法加载模块:Public

[ 2017-04-27T19:40:09+08:00 ] ::1 /tushuguanli/Public/Home/images/home_sprite_1507.png
ERR: 无法加载模块:Public

[ 2017-04-27T19:40:09+08:00 ] ::1 /tushuguanli/Public/Home/images/home_sprite_1507.png
ERR: 无法加载模块:Public

[ 2017-04-27T19:40:09+08:00 ] ::1 /tushuguanli/Public/Home/images/home_sprite_1507.png
ERR: 无法加载模块:Public

[ 2017-04-27T19:40:09+08:00 ] ::1 /tushuguanli/Public/Home/images/home_sprite_1507.png
ERR: 无法加载模块:Public

[ 2017-04-27T19:40:09+08:00 ] ::1 /tushuguanli/Public/Home/images/home_sprite_1507.png
ERR: 无法加载模块:Public

[ 2017-04-27T19:40:09+08:00 ] ::1 /tushuguanli/Public/Home/images/home_sprite_1507.png
ERR: 无法加载模块:Public

[ 2017-04-27T19:40:10+08:00 ] ::1 /tushuguanli/Public/Home/images/home_sprite_1507.png
ERR: 无法加载模块:Public

[ 2017-04-27T19:40:10+08:00 ] ::1 /tushuguanli/Public/Home/images/home_sprite_1507.png
ERR: 无法加载模块:Public

[ 2017-04-27T19:40:10+08:00 ] ::1 /tushuguanli/Public/Home/images/home_sprite_1507.png
ERR: 无法加载模块:Public

[ 2017-04-27T19:40:13+08:00 ] ::1 /tushuguanli/Public/Home/images/home_sprite_1507.png
ERR: 无法加载模块:Public

[ 2017-04-27T19:40:34+08:00 ] ::1 /tushuguanli/images/QQ%E5%9B%BE%E7%89%8720170227113159.png
ERR: 无法加载模块:Images

[ 2017-04-27T19:40:34+08:00 ] ::1 /tushuguanli/Public/Home/images/home_sprite_1507.png
ERR: 无法加载模块:Public

[ 2017-04-27T19:40:34+08:00 ] ::1 /tushuguanli/Public/Lib/jquery.min.map
ERR: 无法加载模块:Public

[ 2017-04-27T19:40:40+08:00 ] ::1 /tushuguanli/images/QQ%E5%9B%BE%E7%89%8720170227113159.png
ERR: 无法加载模块:Images

[ 2017-04-27T19:40:40+08:00 ] ::1 /tushuguanli/Public/Home/images/home_sprite_1507.png
ERR: 无法加载模块:Public

[ 2017-04-27T19:41:56+08:00 ] ::1 /tushuguanli/Public/Lib/jquery.min.map
ERR: 无法加载模块:Public

[ 2017-04-27T19:42:29+08:00 ] ::1 /tushuguanli/Public/Lib/jquery.min.map
ERR: 无法加载模块:Public

[ 2017-04-27T19:43:33+08:00 ] ::1 /tushuguanli/index.php/images/QQ%E5%9B%BE%E7%89%8720170227113159.png
ERR: 无法加载模块:Images

[ 2017-04-27T19:43:33+08:00 ] ::1 /tushuguanli/Public/Home/images/home_sprite_1507.png
ERR: 无法加载模块:Public

[ 2017-04-27T19:44:09+08:00 ] ::1 /tushuguanli/index.php/images/QQ%E5%9B%BE%E7%89%8720170227113159.png
ERR: 无法加载模块:Images

[ 2017-04-27T19:44:09+08:00 ] ::1 /tushuguanli/Public/Home/images/home_sprite_1507.png
ERR: 无法加载模块:Public

[ 2017-04-27T19:45:04+08:00 ] ::1 /tushuguanli/Public/Lib/jquery.min.map
ERR: 无法加载模块:Public

[ 2017-04-27T19:48:32+08:00 ] ::1 /tushuguanli/Public/Lib/jquery.min.map
ERR: 无法加载模块:Public

[ 2017-04-27T19:48:59+08:00 ] ::1 /tushuguanli/Public/Lib/jquery.min.map
ERR: 无法加载模块:Public

[ 2017-04-27T19:50:58+08:00 ] ::1 /tushuguanli/Public/Lib/jquery.min.map
ERR: 无法加载模块:Public

[ 2017-04-27T19:51:46+08:00 ] ::1 /tushuguanli/Public/Lib/jquery.min.map
ERR: 无法加载模块:Public

[ 2017-04-27T19:51:50+08:00 ] ::1 /tushuguanli/Public/Lib/jquery.min.map
ERR: 无法加载模块:Public

[ 2017-04-27T19:52:24+08:00 ] ::1 /tushuguanli/Public/Lib/jquery.min.map
ERR: 无法加载模块:Public

[ 2017-04-27T19:54:30+08:00 ] ::1 /tushuguanli/Public/Lib/jquery.min.map
ERR: 无法加载模块:Public

[ 2017-04-27T19:55:40+08:00 ] ::1 /tushuguanli/Public/Lib/jquery.min.map
ERR: 无法加载模块:Public

[ 2017-04-27T19:55:56+08:00 ] ::1 /tushuguanli/Public/Lib/jquery.min.map
ERR: 无法加载模块:Public

[ 2017-04-27T19:56:24+08:00 ] ::1 /tushuguanli/Public/Lib/jquery.min.map
ERR: 无法加载模块:Public

