[ 2017-04-26T11:33:34+08:00 ] 127.0.0.1 /tushuguanli/index.php/Admin/Ajax/delete.html
INFO: [ app_begin ] --START--
INFO: Run Behavior\ReadHtmlCacheBehavior [ RunTime:0.000596s ]
INFO: [ app_begin ] --END-- [ RunTime:0.001065s ]

[ 2017-04-26T11:34:06+08:00 ] 127.0.0.1 /tushuguanli/index.php/Admin/Ajax/delete.html
INFO: [ app_begin ] --START--
INFO: Run Behavior\ReadHtmlCacheBehavior [ RunTime:0.000425s ]
INFO: [ app_begin ] --END-- [ RunTime:0.000810s ]

[ 2017-04-26T11:34:26+08:00 ] 127.0.0.1 /tushuguanli/index.php/Admin/Ajax/delete.html
INFO: [ app_begin ] --START--
INFO: Run Behavior\ReadHtmlCacheBehavior [ RunTime:0.000391s ]
INFO: [ app_begin ] --END-- [ RunTime:0.000682s ]

[ 2017-04-26T11:34:34+08:00 ] 127.0.0.1 /tushuguanli/index.php/Admin/Ajax/delete.html
INFO: [ app_begin ] --START--
INFO: Run Behavior\ReadHtmlCacheBehavior [ RunTime:0.000338s ]
INFO: [ app_begin ] --END-- [ RunTime:0.000680s ]

[ 2017-04-26T11:35:23+08:00 ] 127.0.0.1 /tushuguanli/index.php/Admin/Ajax/delete.html
INFO: [ app_begin ] --START--
INFO: Run Behavior\ReadHtmlCacheBehavior [ RunTime:0.000464s ]
INFO: [ app_begin ] --END-- [ RunTime:0.000925s ]

[ 2017-04-26T11:35:57+08:00 ] 127.0.0.1 /tushuguanli/index.php/Admin/Ajax/delete.html
INFO: [ app_begin ] --START--
INFO: Run Behavior\ReadHtmlCacheBehavior [ RunTime:0.000619s ]
INFO: [ app_begin ] --END-- [ RunTime:0.001060s ]

[ 2017-04-26T11:36:24+08:00 ] 127.0.0.1 /tushuguanli/index.php/Admin/Ajax/delete.html
INFO: [ app_begin ] --START--
INFO: Run Behavior\ReadHtmlCacheBehavior [ RunTime:0.000683s ]
INFO: [ app_begin ] --END-- [ RunTime:0.001300s ]

[ 2017-04-26T11:42:03+08:00 ] 127.0.0.1 /tushuguanli/index.php/Admin/Ajax/delete.html
INFO: [ app_begin ] --START--
INFO: Run Behavior\ReadHtmlCacheBehavior [ RunTime:0.000583s ]
INFO: [ app_begin ] --END-- [ RunTime:0.001041s ]

[ 2017-04-26T11:48:17+08:00 ] 127.0.0.1 /tushuguanli/index.php/Admin/Ajax/delete.html
INFO: [ app_begin ] --START--
INFO: Run Behavior\ReadHtmlCacheBehavior [ RunTime:0.000730s ]
INFO: [ app_begin ] --END-- [ RunTime:0.001326s ]
SQL: SHOW COLUMNS FROM `bk_user` [ RunTime:0.0007s ]
SQL: DELETE FROM `bk_user` WHERE `id` = 2 [ RunTime:0.0010s ]

[ 2017-04-26T11:48:33+08:00 ] 127.0.0.1 /tushuguanli/index.php/Admin/Ajax/delete.html
INFO: [ app_begin ] --START--
INFO: Run Behavior\ReadHtmlCacheBehavior [ RunTime:0.000487s ]
INFO: [ app_begin ] --END-- [ RunTime:0.000805s ]
SQL: SHOW COLUMNS FROM `bk_user` [ RunTime:0.0005s ]
SQL: DELETE FROM `bk_user` WHERE `id` IN ('3','7') [ RunTime:0.0004s ]

[ 2017-04-26T11:49:57+08:00 ] 127.0.0.1 /tushuguanli/index.php/Admin/Ajax/delete.html
INFO: [ app_begin ] --START--
INFO: Run Behavior\ReadHtmlCacheBehavior [ RunTime:0.000725s ]
INFO: [ app_begin ] --END-- [ RunTime:0.001173s ]
SQL: SHOW COLUMNS FROM `bk_user` [ RunTime:0.0005s ]
SQL: DELETE FROM `bk_user` WHERE `id` = 8 [ RunTime:0.0004s ]

[ 2017-04-26T11:49:59+08:00 ] 127.0.0.1 /tushuguanli/index.php/Admin/Ajax/delete.html
INFO: [ app_begin ] --START--
INFO: Run Behavior\ReadHtmlCacheBehavior [ RunTime:0.000515s ]
INFO: [ app_begin ] --END-- [ RunTime:0.000864s ]
SQL: SHOW COLUMNS FROM `bk_user` [ RunTime:0.0005s ]
SQL: DELETE FROM `bk_user` WHERE `id` = 8 [ RunTime:0.0004s ]

[ 2017-04-26T11:50:51+08:00 ] 127.0.0.1 /tushuguanli/index.php/Admin/Ajax/delete.html
INFO: [ app_begin ] --START--
INFO: Run Behavior\ReadHtmlCacheBehavior [ RunTime:0.000734s ]
INFO: [ app_begin ] --END-- [ RunTime:0.001312s ]
SQL: SHOW COLUMNS FROM `bk_user` [ RunTime:0.0006s ]
INFO: [ app_end ] --START--
INFO: Run Behavior\ShowPageTraceBehavior [ RunTime:0.000802s ]
INFO: [ app_end ] --END-- [ RunTime:0.000928s ]

[ 2017-04-26T11:51:10+08:00 ] 127.0.0.1 /tushuguanli/index.php/Admin/Ajax/delete.html
INFO: [ app_begin ] --START--
INFO: Run Behavior\ReadHtmlCacheBehavior [ RunTime:0.000802s ]
INFO: [ app_begin ] --END-- [ RunTime:0.001263s ]
SQL: SHOW COLUMNS FROM `bk_user` [ RunTime:0.0007s ]
INFO: [ app_end ] --START--
INFO: Run Behavior\ShowPageTraceBehavior [ RunTime:0.000803s ]
INFO: [ app_end ] --END-- [ RunTime:0.000928s ]

[ 2017-04-26T11:51:50+08:00 ] 127.0.0.1 /tushuguanli/index.php/Admin/Ajax/delete.html
INFO: [ app_begin ] --START--
INFO: Run Behavior\ReadHtmlCacheBehavior [ RunTime:0.000781s ]
INFO: [ app_begin ] --END-- [ RunTime:0.001265s ]
SQL: SHOW COLUMNS FROM `bk_user` [ RunTime:0.0007s ]
INFO: [ app_end ] --START--
INFO: Run Behavior\ShowPageTraceBehavior [ RunTime:0.000615s ]
INFO: [ app_end ] --END-- [ RunTime:0.000700s ]

[ 2017-04-26T11:52:04+08:00 ] 127.0.0.1 /tushuguanli/index.php/Admin/Ajax/delete.html
INFO: [ app_begin ] --START--
INFO: Run Behavior\ReadHtmlCacheBehavior [ RunTime:0.000667s ]
INFO: [ app_begin ] --END-- [ RunTime:0.001115s ]
SQL: SHOW COLUMNS FROM `bk_user` [ RunTime:0.0005s ]

[ 2017-04-26T11:52:10+08:00 ] 127.0.0.1 /tushuguanli/index.php/Admin/Ajax/delete.html
INFO: [ app_begin ] --START--
INFO: Run Behavior\ReadHtmlCacheBehavior [ RunTime:0.000726s ]
INFO: [ app_begin ] --END-- [ RunTime:0.001254s ]
SQL: SHOW COLUMNS FROM `bk_user` [ RunTime:0.0004s ]

[ 2017-04-26T11:53:22+08:00 ] 127.0.0.1 /tushuguanli/index.php/Admin/Ajax/delete.html
INFO: [ app_begin ] --START--
INFO: Run Behavior\ReadHtmlCacheBehavior [ RunTime:0.000675s ]
INFO: [ app_begin ] --END-- [ RunTime:0.001144s ]
SQL: SHOW COLUMNS FROM `bk_user` [ RunTime:0.0004s ]

[ 2017-04-26T11:53:38+08:00 ] 127.0.0.1 /tushuguanli/index.php/Admin/Ajax/delete.html
INFO: [ app_begin ] --START--
INFO: Run Behavior\ReadHtmlCacheBehavior [ RunTime:0.000748s ]
INFO: [ app_begin ] --END-- [ RunTime:0.001262s ]
SQL: SHOW COLUMNS FROM `bk_user` [ RunTime:0.0008s ]

[ 2017-04-26T11:55:24+08:00 ] 127.0.0.1 /tushuguanli/index.php/Admin/Ajax/delete.html?controllerName=User&aIds%5B%5D=9
INFO: [ app_begin ] --START--
INFO: Run Behavior\ReadHtmlCacheBehavior [ RunTime:0.000514s ]
INFO: [ app_begin ] --END-- [ RunTime:0.000823s ]
SQL: SHOW COLUMNS FROM `bk_user` [ RunTime:0.0006s ]
SQL: DELETE FROM `bk_user` WHERE `id` = 9 [ RunTime:0.0004s ]

[ 2017-04-26T12:00:17+08:00 ] 127.0.0.1 /tushuguanli/index.php/Admin/Ajax/delete.html?controllerName=User&aIds%5B%5D=11
INFO: [ app_begin ] --START--
INFO: Run Behavior\ReadHtmlCacheBehavior [ RunTime:0.000730s ]
INFO: [ app_begin ] --END-- [ RunTime:0.001086s ]

[ 2017-04-26T12:00:38+08:00 ] 127.0.0.1 /tushuguanli/index.php/Admin/Ajax/delete.html?controllerName=User&aIds%5B%5D=11
INFO: [ app_begin ] --START--
INFO: Run Behavior\ReadHtmlCacheBehavior [ RunTime:0.000628s ]
INFO: [ app_begin ] --END-- [ RunTime:0.001124s ]

[ 2017-04-26T12:01:43+08:00 ] 127.0.0.1 /tushuguanli/index.php/Admin/Ajax/delete.html
INFO: [ app_begin ] --START--
INFO: Run Behavior\ReadHtmlCacheBehavior [ RunTime:0.000570s ]
INFO: [ app_begin ] --END-- [ RunTime:0.001007s ]

[ 2017-04-26T12:01:48+08:00 ] 127.0.0.1 /tushuguanli/index.php/Admin/Ajax/delete.html
INFO: [ app_begin ] --START--
INFO: Run Behavior\ReadHtmlCacheBehavior [ RunTime:0.000489s ]
INFO: [ app_begin ] --END-- [ RunTime:0.000814s ]

[ 2017-04-26T12:02:28+08:00 ] 127.0.0.1 /tushuguanli/index.php/Admin/Ajax/delete.html
INFO: [ app_begin ] --START--
INFO: Run Behavior\ReadHtmlCacheBehavior [ RunTime:0.000685s ]
INFO: [ app_begin ] --END-- [ RunTime:0.001176s ]

[ 2017-04-26T12:02:46+08:00 ] 127.0.0.1 /tushuguanli/index.php/Admin/Ajax/delete.html
INFO: [ app_begin ] --START--
INFO: Run Behavior\ReadHtmlCacheBehavior [ RunTime:0.001095s ]
INFO: [ app_begin ] --END-- [ RunTime:0.001977s ]

[ 2017-04-26T12:02:51+08:00 ] 127.0.0.1 /tushuguanli/index.php/Admin/Ajax/delete.html
INFO: [ app_begin ] --START--
INFO: Run Behavior\ReadHtmlCacheBehavior [ RunTime:0.000909s ]
INFO: [ app_begin ] --END-- [ RunTime:0.001490s ]

[ 2017-04-26T12:03:07+08:00 ] 127.0.0.1 /tushuguanli/index.php/Admin/Ajax/delete.html
INFO: [ app_begin ] --START--
INFO: Run Behavior\ReadHtmlCacheBehavior [ RunTime:0.000855s ]
INFO: [ app_begin ] --END-- [ RunTime:0.001419s ]

[ 2017-04-26T12:03:48+08:00 ] 127.0.0.1 /tushuguanli/index.php/Admin/Ajax/delete.html
INFO: [ app_begin ] --START--
INFO: Run Behavior\ReadHtmlCacheBehavior [ RunTime:0.000519s ]
INFO: [ app_begin ] --END-- [ RunTime:0.000860s ]
SQL: SHOW COLUMNS FROM `bk_user` [ RunTime:0.0004s ]

[ 2017-04-26T12:04:22+08:00 ] 127.0.0.1 /tushuguanli/index.php/Admin/Ajax/delete.html
INFO: [ app_begin ] --START--
INFO: Run Behavior\ReadHtmlCacheBehavior [ RunTime:0.000687s ]
INFO: [ app_begin ] --END-- [ RunTime:0.001063s ]
SQL: SHOW COLUMNS FROM `bk_user` [ RunTime:0.0007s ]
SQL: DELETE FROM `bk_user` WHERE `id` = 11 [ RunTime:0.0005s ]

[ 2017-04-26T14:01:55+08:00 ] 127.0.0.1 /tushuguanli/index.php/Admin/User/User/userlist
ERR: 非法操作:User

[ 2017-04-26T14:02:02+08:00 ] 127.0.0.1 /tushuguanli/index.php/Admin/User/User/userlist
ERR: 非法操作:User

